\BOOKMARK [0][-]{chapter.1}{\376\377\210\114\122\027\137\017\166\204\213\241\173\227}{}% 1
\BOOKMARK [1][-]{section.1.1}{\376\377\210\114\377\010\122\027\377\011\124\214\166\370\173\111\166\204\140\305\137\142}{chapter.1}% 2
\BOOKMARK [1][-]{section.1.2}{\376\377\162\052\137\142\210\114\122\027\137\017}{chapter.1}% 3
\BOOKMARK [1][-]{section.1.3}{\376\377\203\003\137\267\204\231\137\267\210\114\122\027\137\017}{chapter.1}% 4
\BOOKMARK [1][-]{section.1.4}{\376\377\122\006\127\127\167\351\226\065\210\114\122\027\137\017}{chapter.1}% 5
\BOOKMARK [1][-]{section.1.5}{\376\377\122\240\217\271\154\325}{chapter.1}% 6
\BOOKMARK [1][-]{section.1.6}{\376\377\116\110\137\142\210\114\122\027\137\017}{chapter.1}% 7
\BOOKMARK [1][-]{section.1.7}{\376\377\135\335\137\142\210\114\122\027\137\017}{chapter.1}% 8
\BOOKMARK [0][-]{chapter.2}{\376\377\167\351\226\065}{}% 9
\BOOKMARK [1][-]{section.2.1}{\376\377\220\350\122\006\167\351\226\065\166\370\121\163\121\154\137\017\124\010\226\306}{chapter.2}% 10
\BOOKMARK [2][-]{subsection.2.1.1}{\376\377\217\154\177\156\167\351\226\065}{section.2.1}% 11
\BOOKMARK [2][-]{subsection.2.1.2}{\376\377\117\064\226\217\167\351\226\065}{section.2.1}% 12
\BOOKMARK [2][-]{subsection.2.1.3}{\376\377\220\006\167\351\226\065}{section.2.1}% 13
\BOOKMARK [2][-]{subsection.2.1.4}{\376\377\122\006\127\127\167\351\226\065}{section.2.1}% 14
\BOOKMARK [1][-]{section.2.2}{\376\377\142\275\214\141\167\351\226\065\166\204\220\006}{chapter.2}% 15
\BOOKMARK [1][-]{section.2.3}{\376\377\122\035\173\111\167\351\226\065}{chapter.2}% 16
\BOOKMARK [1][-]{section.2.4}{\376\377\167\351\226\065\166\204\171\351}{chapter.2}% 17
\BOOKMARK [1][-]{section.2.5}{\376\377\167\351\226\065\176\303\116\140}{chapter.2}% 18
\BOOKMARK [0][-]{chapter.3}{\376\377\124\021\221\317\172\172\225\364\116\016\176\277\140\047\123\330\143\142}{}% 19
\BOOKMARK [1][-]{section.3.1}{\376\377\176\277\140\047\166\370\121\163\116\016\176\277\140\047\145\340\121\163}{chapter.3}% 20
\BOOKMARK [1][-]{section.3.2}{\376\377\124\021\221\317\176\304}{chapter.3}% 21
\BOOKMARK [1][-]{section.3.3}{\376\377\124\021\221\317\172\172\225\364}{chapter.3}% 22
\BOOKMARK [1][-]{section.3.4}{\376\377\126\333\131\047\127\372\147\054\172\172\225\364}{chapter.3}% 23
\BOOKMARK [0][-]{chapter.4}{\376\377\176\277\140\047\145\271\172\013\176\304}{}% 24
\BOOKMARK [0][-]{chapter.5}{\376\377\166\370\117\074\133\371\211\322\123\026}{}% 25
\BOOKMARK [1][-]{section.5.1}{\376\377\162\171\137\201\120\074\116\016\162\171\137\201\124\021\221\317}{chapter.5}% 26
\BOOKMARK [1][-]{section.5.2}{\376\377\166\370\117\074\133\371\211\322\123\026}{chapter.5}% 27
\BOOKMARK [1][-]{section.5.3}{\376\377\145\275\133\306\162\171\153\143\116\244\123\026}{chapter.5}% 28
\BOOKMARK [1][-]{section.5.4}{\376\377\133\236\133\371\171\360\167\351\226\065}{chapter.5}% 29
\BOOKMARK [1][-]{section.5.5}{\376\377\166\370\117\074\133\371\211\322\123\026\176\303\116\140}{chapter.5}% 30
\BOOKMARK [0][-]{chapter.6}{\376\377\116\214\153\041\127\213}{}% 31
\BOOKMARK [1][-]{section.6.1}{\376\377\116\214\153\041\127\213\167\351\226\065}{chapter.6}% 32
\BOOKMARK [1][-]{section.6.2}{\376\377\116\214\153\041\127\213\166\204\123\330\143\142}{chapter.6}% 33
\BOOKMARK [2][-]{subsection.6.2.1}{\376\377\116\214\153\041\127\213\116\016\176\277\140\047\123\330\143\142}{section.6.2}% 34
\BOOKMARK [2][-]{subsection.6.2.2}{\376\377\167\351\226\065\124\010\124\014}{section.6.2}% 35
\BOOKMARK [2][-]{subsection.6.2.3}{\376\377\221\115\145\271\154\325}{section.6.2}% 36
\BOOKMARK [2][-]{subsection.6.2.4}{\376\377\122\035\173\111\123\330\143\142\154\325}{section.6.2}% 37
\BOOKMARK [2][-]{subsection.6.2.5}{\376\377\153\143\116\244\123\330\143\142\154\325}{section.6.2}% 38
\BOOKMARK [1][-]{section.6.3}{\376\377\153\143\133\232\116\214\153\041\127\213\116\016\153\143\133\232\167\351\226\065}{chapter.6}% 39
\BOOKMARK [1][-]{section.6.4}{\376\377\116\214\153\041\127\213\166\370\121\163\117\213\230\230}{chapter.6}% 40
\BOOKMARK [0][-]{chapter.7}{\376\377\176\277\140\047\116\343\145\160\176\374\124\010\176\303\116\140}{}% 41
