This is pdfTeX, Version 3.141592653-2.6-1.40.27 (MiKTeX 25.4) (preloaded format=pdflatex 2026.1.4)  28 MAR 2026 23:12
entering extended mode
 restricted \write18 enabled.
 file:line:error style messages enabled.
 %&-line parsing enabled.
**./main.tex
(main.tex
LaTeX2e <2025-11-01>
L3 programming layer <2025-12-24>
(D:\Appdata\MiKTeX\tex/latex/ctex\ctexbook.cls (D:\Appdata\MiKTeX\tex/latex/ctex/config\ctexbackend.cfg
File: ctexbackend.cfg 2022/07/14 v2.5.10 Backend configuration file (CTEX)
) (D:\Appdata\MiKTeX\tex/latex/l3kernel\expl3.sty
Package: expl3 2025-12-24 L3 programming layer (loader) 
 (D:\Appdata\MiKTeX\tex/latex/l3backend\l3backend-pdftex.def
File: l3backend-pdftex.def 2025-10-09 L3 backend support: PDF output (pdfTeX)
\l__color_backend_stack_int=\count275
))
Document Class: ctexbook 2022/07/14 v2.5.10 Chinese adapter for class book (CTEX)
(D:\Appdata\MiKTeX\tex/latex/ctex\ctexhook.sty
Package: ctexhook 2022/07/14 v2.5.10 Document and package hooks (CTEX)
) (D:\Appdata\MiKTeX\tex/latex/ctex\ctexpatch.sty
Package: ctexpatch 2022/07/14 v2.5.10 Patching commands (CTEX)
) (D:\Appdata\MiKTeX\tex/latex/base\fix-cm.sty
Package: fix-cm 2020/11/24 v1.1t fixes to LaTeX
 (D:\Appdata\MiKTeX\tex/latex/base\ts1enc.def
File: ts1enc.def 2001/06/05 v3.0e (jk/car/fm) Standard LaTeX file
LaTeX Font Info:    Redeclaring font encoding TS1 on input line 47.
LaTeX Encoding Info:    Redeclaring text command \capitalcedilla (encoding TS1) on input line 49.
LaTeX Encoding Info:    Redeclaring text command \capitalogonek (encoding TS1) on input line 52.
LaTeX Encoding Info:    Redeclaring text command \capitalgrave (encoding TS1) on input line 55.
LaTeX Encoding Info:    Redeclaring text command \capitalacute (encoding TS1) on input line 56.
LaTeX Encoding Info:    Redeclaring text command \capitalcircumflex (encoding TS1) on input line 57.
LaTeX Encoding Info:    Redeclaring text command \capitaltilde (encoding TS1) on input line 58.
LaTeX Encoding Info:    Redeclaring text command \capitaldieresis (encoding TS1) on input line 59.
LaTeX Encoding Info:    Redeclaring text command \capitalhungarumlaut (encoding TS1) on input line 60.
LaTeX Encoding Info:    Redeclaring text command \capitalring (encoding TS1) on input line 61.
LaTeX Encoding Info:    Redeclaring text command \capitalcaron (encoding TS1) on input line 62.
LaTeX Encoding Info:    Redeclaring text command \capitalbreve (encoding TS1) on input line 63.
LaTeX Encoding Info:    Redeclaring text command \capitalmacron (encoding TS1) on input line 64.
LaTeX Encoding Info:    Redeclaring text command \capitaldotaccent (encoding TS1) on input line 65.
LaTeX Encoding Info:    Redeclaring text command \t (encoding TS1) on input line 66.
LaTeX Encoding Info:    Redeclaring text command \capitaltie (encoding TS1) on input line 67.
LaTeX Encoding Info:    Redeclaring text command \newtie (encoding TS1) on input line 68.
LaTeX Encoding Info:    Redeclaring text command \capitalnewtie (encoding TS1) on input line 69.
LaTeX Encoding Info:    Redeclaring text symbol \textcapitalcompwordmark (encoding TS1) on input line 70.
LaTeX Encoding Info:    Redeclaring text symbol \textascendercompwordmark (encoding TS1) on input line 71.
LaTeX Encoding Info:    Redeclaring text symbol \textquotestraightbase (encoding TS1) on input line 72.
LaTeX Encoding Info:    Redeclaring text symbol \textquotestraightdblbase (encoding TS1) on input line 73.
LaTeX Encoding Info:    Redeclaring text symbol \texttwelveudash (encoding TS1) on input line 74.
LaTeX Encoding Info:    Redeclaring text symbol \textthreequartersemdash (encoding TS1) on input line 75.
LaTeX Encoding Info:    Redeclaring text symbol \textleftarrow (encoding TS1) on input line 76.
LaTeX Encoding Info:    Redeclaring text symbol \textrightarrow (encoding TS1) on input line 77.
LaTeX Encoding Info:    Redeclaring text symbol \textblank (encoding TS1) on input line 78.
LaTeX Encoding Info:    Redeclaring text symbol \textdollar (encoding TS1) on input line 79.
LaTeX Encoding Info:    Redeclaring text symbol \textquotesingle (encoding TS1) on input line 80.
LaTeX Encoding Info:    Redeclaring text command \textasteriskcentered (encoding TS1) on input line 81.
LaTeX Encoding Info:    Redeclaring text symbol \textdblhyphen (encoding TS1) on input line 92.
LaTeX Encoding Info:    Redeclaring text symbol \textfractionsolidus (encoding TS1) on input line 93.
LaTeX Encoding Info:    Redeclaring text symbol \textzerooldstyle (encoding TS1) on input line 94.
LaTeX Encoding Info:    Redeclaring text symbol \textoneoldstyle (encoding TS1) on input line 95.
LaTeX Encoding Info:    Redeclaring text symbol \texttwooldstyle (encoding TS1) on input line 96.
LaTeX Encoding Info:    Redeclaring text symbol \textthreeoldstyle (encoding TS1) on input line 97.
LaTeX Encoding Info:    Redeclaring text symbol \textfouroldstyle (encoding TS1) on input line 98.
LaTeX Encoding Info:    Redeclaring text symbol \textfiveoldstyle (encoding TS1) on input line 99.
LaTeX Encoding Info:    Redeclaring text symbol \textsixoldstyle (encoding TS1) on input line 100.
LaTeX Encoding Info:    Redeclaring text symbol \textsevenoldstyle (encoding TS1) on input line 101.
LaTeX Encoding Info:    Redeclaring text symbol \texteightoldstyle (encoding TS1) on input line 102.
LaTeX Encoding Info:    Redeclaring text symbol \textnineoldstyle (encoding TS1) on input line 103.
LaTeX Encoding Info:    Redeclaring text symbol \textlangle (encoding TS1) on input line 104.
LaTeX Encoding Info:    Redeclaring text symbol \textminus (encoding TS1) on input line 105.
LaTeX Encoding Info:    Redeclaring text symbol \textrangle (encoding TS1) on input line 106.
LaTeX Encoding Info:    Redeclaring text symbol \textmho (encoding TS1) on input line 107.
LaTeX Encoding Info:    Redeclaring text symbol \textbigcircle (encoding TS1) on input line 108.
LaTeX Encoding Info:    Redeclaring text command \textcircled (encoding TS1) on input line 109.
LaTeX Encoding Info:    Redeclaring text symbol \textohm (encoding TS1) on input line 115.
LaTeX Encoding Info:    Redeclaring text symbol \textlbrackdbl (encoding TS1) on input line 116.
LaTeX Encoding Info:    Redeclaring text symbol \textrbrackdbl (encoding TS1) on input line 117.
LaTeX Encoding Info:    Redeclaring text symbol \textuparrow (encoding TS1) on input line 118.
LaTeX Encoding Info:    Redeclaring text symbol \textdownarrow (encoding TS1) on input line 119.
LaTeX Encoding Info:    Redeclaring text symbol \textasciigrave (encoding TS1) on input line 120.
LaTeX Encoding Info:    Redeclaring text symbol \textborn (encoding TS1) on input line 121.
LaTeX Encoding Info:    Redeclaring text symbol \textdivorced (encoding TS1) on input line 122.
LaTeX Encoding Info:    Redeclaring text symbol \textdied (encoding TS1) on input line 123.
LaTeX Encoding Info:    Redeclaring text symbol \textleaf (encoding TS1) on input line 124.
LaTeX Encoding Info:    Redeclaring text symbol \textmarried (encoding TS1) on input line 125.
LaTeX Encoding Info:    Redeclaring text symbol \textmusicalnote (encoding TS1) on input line 126.
LaTeX Encoding Info:    Redeclaring text symbol \texttildelow (encoding TS1) on input line 127.
LaTeX Encoding Info:    Redeclaring text symbol \textdblhyphenchar (encoding TS1) on input line 128.
LaTeX Encoding Info:    Redeclaring text symbol \textasciibreve (encoding TS1) on input line 129.
LaTeX Encoding Info:    Redeclaring text symbol \textasciicaron (encoding TS1) on input line 130.
LaTeX Encoding Info:    Redeclaring text symbol \textacutedbl (encoding TS1) on input line 131.
LaTeX Encoding Info:    Redeclaring text symbol \textgravedbl (encoding TS1) on input line 132.
LaTeX Encoding Info:    Redeclaring text symbol \textdagger (encoding TS1) on input line 133.
LaTeX Encoding Info:    Redeclaring text symbol \textdaggerdbl (encoding TS1) on input line 134.
LaTeX Encoding Info:    Redeclaring text symbol \textbardbl (encoding TS1) on input line 135.
LaTeX Encoding Info:    Redeclaring text symbol \textperthousand (encoding TS1) on input line 136.
LaTeX Encoding Info:    Redeclaring text symbol \textbullet (encoding TS1) on input line 137.
LaTeX Encoding Info:    Redeclaring text symbol \textcelsius (encoding TS1) on input line 138.
LaTeX Encoding Info:    Redeclaring text symbol \textdollaroldstyle (encoding TS1) on input line 139.
LaTeX Encoding Info:    Redeclaring text symbol \textcentoldstyle (encoding TS1) on input line 140.
LaTeX Encoding Info:    Redeclaring text symbol \textflorin (encoding TS1) on input line 141.
LaTeX Encoding Info:    Redeclaring text symbol \textcolonmonetary (encoding TS1) on input line 142.
LaTeX Encoding Info:    Redeclaring text symbol \textwon (encoding TS1) on input line 143.
LaTeX Encoding Info:    Redeclaring text symbol \textnaira (encoding TS1) on input line 144.
LaTeX Encoding Info:    Redeclaring text symbol \textguarani (encoding TS1) on input line 145.
LaTeX Encoding Info:    Redeclaring text symbol \textpeso (encoding TS1) on input line 146.
LaTeX Encoding Info:    Redeclaring text symbol \textlira (encoding TS1) on input line 147.
LaTeX Encoding Info:    Redeclaring text symbol \textrecipe (encoding TS1) on input line 148.
LaTeX Encoding Info:    Redeclaring text symbol \textinterrobang (encoding TS1) on input line 149.
LaTeX Encoding Info:    Redeclaring text symbol \textinterrobangdown (encoding TS1) on input line 150.
LaTeX Encoding Info:    Redeclaring text symbol \textdong (encoding TS1) on input line 151.
LaTeX Encoding Info:    Redeclaring text symbol \texttrademark (encoding TS1) on input line 152.
LaTeX Encoding Info:    Redeclaring text symbol \textpertenthousand (encoding TS1) on input line 153.
LaTeX Encoding Info:    Redeclaring text symbol \textpilcrow (encoding TS1) on input line 154.
LaTeX Encoding Info:    Redeclaring text symbol \textbaht (encoding TS1) on input line 155.
LaTeX Encoding Info:    Redeclaring text symbol \textnumero (encoding TS1) on input line 156.
LaTeX Encoding Info:    Redeclaring text symbol \textdiscount (encoding TS1) on input line 157.
LaTeX Encoding Info:    Redeclaring text symbol \textestimated (encoding TS1) on input line 158.
LaTeX Encoding Info:    Redeclaring text symbol \textopenbullet (encoding TS1) on input line 159.
LaTeX Encoding Info:    Redeclaring text symbol \textservicemark (encoding TS1) on input line 160.
LaTeX Encoding Info:    Redeclaring text symbol \textlquill (encoding TS1) on input line 161.
LaTeX Encoding Info:    Redeclaring text symbol \textrquill (encoding TS1) on input line 162.
LaTeX Encoding Info:    Redeclaring text symbol \textcent (encoding TS1) on input line 163.
LaTeX Encoding Info:    Redeclaring text symbol \textsterling (encoding TS1) on input line 164.
LaTeX Encoding Info:    Redeclaring text symbol \textcurrency (encoding TS1) on input line 165.
LaTeX Encoding Info:    Redeclaring text symbol \textyen (encoding TS1) on input line 166.
LaTeX Encoding Info:    Redeclaring text symbol \textbrokenbar (encoding TS1) on input line 167.
LaTeX Encoding Info:    Redeclaring text symbol \textsection (encoding TS1) on input line 168.
LaTeX Encoding Info:    Redeclaring text symbol \textasciidieresis (encoding TS1) on input line 169.
LaTeX Encoding Info:    Redeclaring text symbol \textcopyright (encoding TS1) on input line 170.
LaTeX Encoding Info:    Redeclaring text symbol \textordfeminine (encoding TS1) on input line 171.
LaTeX Encoding Info:    Redeclaring text symbol \textcopyleft (encoding TS1) on input line 172.
LaTeX Encoding Info:    Redeclaring text symbol \textlnot (encoding TS1) on input line 173.
LaTeX Encoding Info:    Redeclaring text symbol \textcircledP (encoding TS1) on input line 174.
LaTeX Encoding Info:    Redeclaring text symbol \textregistered (encoding TS1) on input line 175.
LaTeX Encoding Info:    Redeclaring text symbol \textasciimacron (encoding TS1) on input line 176.
LaTeX Encoding Info:    Redeclaring text symbol \textdegree (encoding TS1) on input line 177.
LaTeX Encoding Info:    Redeclaring text symbol \textpm (encoding TS1) on input line 178.
LaTeX Encoding Info:    Redeclaring text symbol \texttwosuperior (encoding TS1) on input line 179.
LaTeX Encoding Info:    Redeclaring text symbol \textthreesuperior (encoding TS1) on input line 180.
LaTeX Encoding Info:    Redeclaring text symbol \textasciiacute (encoding TS1) on input line 181.
LaTeX Encoding Info:    Redeclaring text symbol \textmu (encoding TS1) on input line 182.
LaTeX Encoding Info:    Redeclaring text symbol \textparagraph (encoding TS1) on input line 183.
LaTeX Encoding Info:    Redeclaring text symbol \textperiodcentered (encoding TS1) on input line 184.
LaTeX Encoding Info:    Redeclaring text symbol \textreferencemark (encoding TS1) on input line 185.
LaTeX Encoding Info:    Redeclaring text symbol \textonesuperior (encoding TS1) on input line 186.
LaTeX Encoding Info:    Redeclaring text symbol \textordmasculine (encoding TS1) on input line 187.
LaTeX Encoding Info:    Redeclaring text symbol \textsurd (encoding TS1) on input line 188.
LaTeX Encoding Info:    Redeclaring text symbol \textonequarter (encoding TS1) on input line 189.
LaTeX Encoding Info:    Redeclaring text symbol \textonehalf (encoding TS1) on input line 190.
LaTeX Encoding Info:    Redeclaring text symbol \textthreequarters (encoding TS1) on input line 191.
LaTeX Encoding Info:    Redeclaring text symbol \texteuro (encoding TS1) on input line 192.
LaTeX Encoding Info:    Redeclaring text symbol \texttimes (encoding TS1) on input line 193.
LaTeX Encoding Info:    Redeclaring text symbol \textdiv (encoding TS1) on input line 194.
))
\l__ctex_tmp_int=\count276
\l__ctex_tmp_box=\box53
\l__ctex_tmp_dim=\dimen148
\g__ctex_section_depth_int=\count277
\g__ctex_font_size_int=\count278
 (D:\Appdata\MiKTeX\tex/latex/ctex/config\ctexopts.cfg
File: ctexopts.cfg 2022/07/14 v2.5.10 Option configuration file (CTEX)
) (D:\Appdata\MiKTeX\tex/latex/base\book.cls
Document Class: book 2025/01/22 v1.4n Standard LaTeX document class
(D:\Appdata\MiKTeX\tex/latex/base\bk12.clo
File: bk12.clo 2025/01/22 v1.4n Standard LaTeX file (size option)
)
\c@part=\count279
\c@chapter=\count280
\c@section=\count281
\c@subsection=\count282
\c@subsubsection=\count283
\c@paragraph=\count284
\c@subparagraph=\count285
\c@figure=\count286
\c@table=\count287
\abovecaptionskip=\skip49
\belowcaptionskip=\skip50
\bibindent=\dimen149
) (D:\Appdata\MiKTeX\tex/latex/ctex/engine\ctex-engine-pdftex.def
File: ctex-engine-pdftex.def 2022/07/14 v2.5.10 (pdf)LaTeX adapter (CTEX)
 (D:\Appdata\MiKTeX\tex/latex/cjk\CJKutf8.sty
Package: CJKutf8 2021/10/16 4.8.5
 (D:\Appdata\MiKTeX\tex/generic/iftex\ifpdf.sty
Package: ifpdf 2019/10/25 v3.4 ifpdf legacy package. Use iftex instead.
 (D:\Appdata\MiKTeX\tex/generic/iftex\iftex.sty
Package: iftex 2024/12/12 v1.0g TeX engine tests
)) (D:\Appdata\MiKTeX\tex/latex/base\inputenc.sty
Package: inputenc 2024/02/08 v1.3d Input encoding file
\inpenc@prehook=\toks17
\inpenc@posthook=\toks18
) (D:\Appdata\MiKTeX\tex/latex/cjk\CJK.sty
Package: CJK 2021/10/16 4.8.5
 (D:\Appdata\MiKTeX\tex/latex/cjk/mule\MULEenc.sty
Package: MULEenc 2021/10/16 4.8.5
) (D:\Appdata\MiKTeX\tex/latex/cjk\CJK.enc
File: CJK.enc 2021/10/16 4.8.5
Now handling font encoding C00 ...
... no UTF-8 mapping file for font encoding C00
Now handling font encoding C05 ...
... no UTF-8 mapping file for font encoding C05
Now handling font encoding C09 ...
... no UTF-8 mapping file for font encoding C09
Now handling font encoding C10 ...
... no UTF-8 mapping file for font encoding C10
Now handling font encoding C20 ...
... no UTF-8 mapping file for font encoding C20
Now handling font encoding C19 ...
... no UTF-8 mapping file for font encoding C19
Now handling font encoding C40 ...
... no UTF-8 mapping file for font encoding C40
Now handling font encoding C42 ...
... no UTF-8 mapping file for font encoding C42
Now handling font encoding C43 ...
... no UTF-8 mapping file for font encoding C43
Now handling font encoding C50 ...
... no UTF-8 mapping file for font encoding C50
Now handling font encoding C52 ...
... no UTF-8 mapping file for font encoding C52
Now handling font encoding C49 ...
... no UTF-8 mapping file for font encoding C49
Now handling font encoding C60 ...
... no UTF-8 mapping file for font encoding C60
Now handling font encoding C61 ...
... no UTF-8 mapping file for font encoding C61
Now handling font encoding C63 ...
... no UTF-8 mapping file for font encoding C63
Now handling font encoding C64 ...
... no UTF-8 mapping file for font encoding C64
Now handling font encoding C65 ...
... no UTF-8 mapping file for font encoding C65
Now handling font encoding C70 ...
... no UTF-8 mapping file for font encoding C70
Now handling font encoding C31 ...
... no UTF-8 mapping file for font encoding C31
Now handling font encoding C32 ...
... no UTF-8 mapping file for font encoding C32
Now handling font encoding C33 ...
... no UTF-8 mapping file for font encoding C33
Now handling font encoding C34 ...
... no UTF-8 mapping file for font encoding C34
Now handling font encoding C35 ...
... no UTF-8 mapping file for font encoding C35
Now handling font encoding C36 ...
... no UTF-8 mapping file for font encoding C36
Now handling font encoding C37 ...
... no UTF-8 mapping file for font encoding C37
Now handling font encoding C80 ...
... no UTF-8 mapping file for font encoding C80
Now handling font encoding C81 ...
... no UTF-8 mapping file for font encoding C81
Now handling font encoding C01 ...
... no UTF-8 mapping file for font encoding C01
Now handling font encoding C11 ...
... no UTF-8 mapping file for font encoding C11
Now handling font encoding C21 ...
... no UTF-8 mapping file for font encoding C21
Now handling font encoding C41 ...
... no UTF-8 mapping file for font encoding C41
Now handling font encoding C62 ...
... no UTF-8 mapping file for font encoding C62
)
\CJK@indent=\box54
) (D:\Appdata\MiKTeX\tex/latex/base\fontenc.sty
Package: fontenc 2025/07/18 v2.1d Standard LaTeX package
)) (D:\Appdata\MiKTeX\tex/latex/cjkpunct\CJKpunct.sty
Package: CJKpunct 2016/05/14 4.8.4
\CJKpunct@cnta=\count288
\CJKpunct@cntb=\count289
\CJKpunct@cntc=\count290
\CJKpunct@cntd=\count291
\CJKpunct@cnte=\count292
   defining Unicode char U+2018 (decimal 8216)
   defining Unicode char U+2019 (decimal 8217)
   defining Unicode char U+201C (decimal 8220)
   defining Unicode char U+201D (decimal 8221)
   defining Unicode char U+2014 (decimal 8212)
   defining Unicode char U+2026 (decimal 8230)
 (D:\Appdata\MiKTeX\tex/latex/cjkpunct\CJKpunct.spa)) (D:\Appdata\MiKTeX\tex/latex/cjk\CJKspace.sty
Package: CJKspace 2021/10/16 3.8.0
) (D:\Appdata\MiKTeX\tex/latex/cjk/UTF8\UTF8.bdg
File: UTF8.bdg 2021/10/16 4.8.5
) (D:\Appdata\MiKTeX\tex/latex/ctex\ctexspa.def
File: ctexspa.def 2022/07/14 v2.5.10 Space info for CJKpunct (CTEX)
)
\ccwd=\dimen150
\l__ctex_ccglue_skip=\skip51
)
\l__ctex_ziju_dim=\dimen151
 (D:\Appdata\MiKTeX\tex/latex/zhnumber\zhnumber.sty
Package: zhnumber 2022/07/14 v3.0 Typesetting numbers with Chinese glyphs
\l__zhnum_scale_int=\count293
\l__zhnum_tmp_int=\count294
 (D:\Appdata\MiKTeX\tex/latex/zhnumber\zhnumber-utf8.cfg
File: zhnumber-utf8.cfg 2022/07/14 v3.0 Chinese numerals with UTF8 encoding
))
\l__ctex_heading_skip=\skip52
 (D:\Appdata\MiKTeX\tex/latex/ctex/scheme\ctex-scheme-chinese-book.def
File: ctex-scheme-chinese-book.def 2022/07/14 v2.5.10 Chinese scheme for book (CTEX)
 (D:\Appdata\MiKTeX\tex/latex/ctex/config\ctex-name-utf8.cfg
File: ctex-name-utf8.cfg 2022/07/14 v2.5.10 Caption with encoding UTF-8 (CTEX)
)) (D:\Appdata\MiKTeX\tex/latex/ctex/fontset\ctex-fontset-windows.def
File: ctex-fontset-windows.def 2022/07/14 v2.5.10 Windows fonts definition (CTEX)
)) (D:\Appdata\MiKTeX\tex/latex/ctex/config\ctex.cfg
File: ctex.cfg 2022/07/14 v2.5.10 Configuration file (CTEX)
) (config/_config.tex (config/package.tex (D:\Appdata\MiKTeX\tex/latex/amsmath\amsmath.sty
Package: amsmath 2025/07/09 v2.17z AMS math features
\@mathmargin=\skip53

For additional information on amsmath, use the `?' option.
(D:\Appdata\MiKTeX\tex/latex/amsmath\amstext.sty
Package: amstext 2024/11/17 v2.01 AMS text
 (D:\Appdata\MiKTeX\tex/latex/amsmath\amsgen.sty
File: amsgen.sty 1999/11/30 v2.0 generic functions
\@emptytoks=\toks19
\ex@=\dimen152
)) (D:\Appdata\MiKTeX\tex/latex/amsmath\amsbsy.sty
Package: amsbsy 1999/11/29 v1.2d Bold Symbols
\pmbraise@=\dimen153
) (D:\Appdata\MiKTeX\tex/latex/amsmath\amsopn.sty
Package: amsopn 2022/04/08 v2.04 operator names
)
\inf@bad=\count295
LaTeX Info: Redefining \frac on input line 233.
\uproot@=\count296
\leftroot@=\count297
LaTeX Info: Redefining \overline on input line 398.
LaTeX Info: Redefining \colon on input line 409.
\classnum@=\count298
\DOTSCASE@=\count299
LaTeX Info: Redefining \ldots on input line 495.
LaTeX Info: Redefining \dots on input line 498.
LaTeX Info: Redefining \cdots on input line 619.
\Mathstrutbox@=\box55
\strutbox@=\box56
LaTeX Info: Redefining \big on input line 721.
LaTeX Info: Redefining \Big on input line 722.
LaTeX Info: Redefining \bigg on input line 723.
LaTeX Info: Redefining \Bigg on input line 724.
\big@size=\dimen154
LaTeX Font Info:    Redeclaring font encoding OML on input line 742.
LaTeX Font Info:    Redeclaring font encoding OMS on input line 743.
\macc@depth=\count300
LaTeX Info: Redefining \bmod on input line 904.
LaTeX Info: Redefining \pmod on input line 909.
LaTeX Info: Redefining \smash on input line 939.
LaTeX Info: Redefining \relbar on input line 969.
LaTeX Info: Redefining \Relbar on input line 970.
\c@MaxMatrixCols=\count301
\dotsspace@=\muskip17
\c@parentequation=\count302
\dspbrk@lvl=\count303
\tag@help=\toks20
\row@=\count304
\column@=\count305
\maxfields@=\count306
\andhelp@=\toks21
\eqnshift@=\dimen155
\alignsep@=\dimen156
\tagshift@=\dimen157
\tagwidth@=\dimen158
\totwidth@=\dimen159
\lineht@=\dimen160
\@envbody=\toks22
\multlinegap=\skip54
\multlinetaggap=\skip55
\mathdisplay@stack=\toks23
LaTeX Info: Redefining \[ on input line 2950.
LaTeX Info: Redefining \] on input line 2951.
) (D:\Appdata\MiKTeX\tex/latex/amscls\amsthm.sty
Package: amsthm 2020/05/29 v2.20.6
\thm@style=\toks24
\thm@bodyfont=\toks25
\thm@headfont=\toks26
\thm@notefont=\toks27
\thm@headpunct=\toks28
\thm@preskip=\skip56
\thm@postskip=\skip57
\thm@headsep=\skip58
\dth@everypar=\toks29
) (D:\Appdata\MiKTeX\tex/latex/amsfonts\amssymb.sty
Package: amssymb 2013/01/14 v3.01 AMS font symbols
 (D:\Appdata\MiKTeX\tex/latex/amsfonts\amsfonts.sty
Package: amsfonts 2013/01/14 v3.01 Basic AMSFonts support
\symAMSa=\mathgroup4
\symAMSb=\mathgroup5
LaTeX Font Info:    Redeclaring math symbol \hbar on input line 98.
LaTeX Font Info:    Overwriting math alphabet `\mathfrak' in version `bold'
(Font)                  U/euf/m/n --> U/euf/b/n on input line 106.
)) (D:\Appdata\MiKTeX\tex/latex/graphics\graphicx.sty
Package: graphicx 2024/12/31 v1.2e Enhanced LaTeX Graphics (DPC,SPQR)
 (D:\Appdata\MiKTeX\tex/latex/graphics\keyval.sty
Package: keyval 2022/05/29 v1.15 key=value parser (DPC)
\KV@toks@=\toks30
) (D:\Appdata\MiKTeX\tex/latex/graphics\graphics.sty
Package: graphics 2024/08/06 v1.4g Standard LaTeX Graphics (DPC,SPQR)
 (D:\Appdata\MiKTeX\tex/latex/graphics\trig.sty
Package: trig 2023/12/02 v1.11 sin cos tan (DPC)
) (D:\Appdata\MiKTeX\tex/latex/graphics-cfg\graphics.cfg
File: graphics.cfg 2016/06/04 v1.11 sample graphics configuration
)
Package graphics Info: Driver file: pdftex.def on input line 106.
 (D:\Appdata\MiKTeX\tex/latex/graphics-def\pdftex.def
File: pdftex.def 2025/09/29 v1.2d Graphics/color driver for pdftex
))
\Gin@req@height=\dimen161
\Gin@req@width=\dimen162
) (D:\Appdata\MiKTeX\tex/latex/jknappen\mathrsfs.sty
Package: mathrsfs 1996/01/01 Math RSFS package v1.0 (jk)
\symrsfs=\mathgroup6
) (D:\Appdata\MiKTeX\tex/latex/enumitem\enumitem.sty
Package: enumitem 2025/02/06 v3.11 Customized lists
\labelindent=\skip59
\enit@outerparindent=\dimen163
\enit@toks=\toks31
\enit@inbox=\box57
\enit@count@id=\count307
\enitdp@description=\count308
) (D:\Appdata\MiKTeX\tex/latex/geometry\geometry.sty
Package: geometry 2020/01/02 v5.9 Page Geometry
 (D:\Appdata\MiKTeX\tex/generic/iftex\ifvtex.sty
Package: ifvtex 2019/10/25 v1.7 ifvtex legacy package. Use iftex instead.
)
\Gm@cnth=\count309
\Gm@cntv=\count310
\c@Gm@tempcnt=\count311
\Gm@bindingoffset=\dimen164
\Gm@wd@mp=\dimen165
\Gm@odd@mp=\dimen166
\Gm@even@mp=\dimen167
\Gm@layoutwidth=\dimen168
\Gm@layoutheight=\dimen169
\Gm@layouthoffset=\dimen170
\Gm@layoutvoffset=\dimen171
\Gm@dimlist=\toks32
 (D:\Appdata\MiKTeX\tex/latex/geometry\geometry.cfg)) (D:\Appdata\MiKTeX\tex/latex/hyperref\hyperref.sty
Package: hyperref 2025-07-12 v7.01o Hypertext links for LaTeX
 (D:\Appdata\MiKTeX\tex/latex/kvsetkeys\kvsetkeys.sty
Package: kvsetkeys 2022-10-05 v1.19 Key value parser (HO)
) (D:\Appdata\MiKTeX\tex/generic/kvdefinekeys\kvdefinekeys.sty
Package: kvdefinekeys 2019-12-19 v1.6 Define keys (HO)
) (D:\Appdata\MiKTeX\tex/generic/pdfescape\pdfescape.sty
Package: pdfescape 2019/12/09 v1.15 Implements pdfTeX's escape features (HO)
 (D:\Appdata\MiKTeX\tex/generic/ltxcmds\ltxcmds.sty
Package: ltxcmds 2023-12-04 v1.26 LaTeX kernel commands for general use (HO)
) (D:\Appdata\MiKTeX\tex/generic/pdftexcmds\pdftexcmds.sty
Package: pdftexcmds 2020-06-27 v0.33 Utility functions of pdfTeX for LuaTeX (HO)
 (D:\Appdata\MiKTeX\tex/generic/infwarerr\infwarerr.sty
Package: infwarerr 2019/12/03 v1.5 Providing info/warning/error messages (HO)
)
Package pdftexcmds Info: \pdf@primitive is available.
Package pdftexcmds Info: \pdf@ifprimitive is available.
Package pdftexcmds Info: \pdfdraftmode found.
)) (D:\Appdata\MiKTeX\tex/latex/hycolor\hycolor.sty
Package: hycolor 2020-01-27 v1.10 Color options for hyperref/bookmark (HO)
) (D:\Appdata\MiKTeX\tex/latex/hyperref\nameref.sty
Package: nameref 2025-06-21 v2.57 Cross-referencing by name of section
 (D:\Appdata\MiKTeX\tex/latex/refcount\refcount.sty
Package: refcount 2019/12/15 v3.6 Data extraction from label references (HO)
) (D:\Appdata\MiKTeX\tex/generic/gettitlestring\gettitlestring.sty
Package: gettitlestring 2019/12/15 v1.6 Cleanup title references (HO)
 (D:\Appdata\MiKTeX\tex/latex/kvoptions\kvoptions.sty
Package: kvoptions 2022-06-15 v3.15 Key value format for package options (HO)
))
\c@section@level=\count312
) (D:\Appdata\MiKTeX\tex/latex/etoolbox\etoolbox.sty
Package: etoolbox 2025/10/02 v2.5m e-TeX tools for LaTeX (JAW)
\etb@tempcnta=\count313
) (D:\Appdata\MiKTeX\tex/generic/stringenc\stringenc.sty
Package: stringenc 2019/11/29 v1.12 Convert strings between diff. encodings (HO)
)
\@linkdim=\dimen172
\Hy@linkcounter=\count314
\Hy@pagecounter=\count315
 (D:\Appdata\MiKTeX\tex/latex/hyperref\pd1enc.def
File: pd1enc.def 2025-07-12 v7.01o Hyperref: PDFDocEncoding definition (HO)
Now handling font encoding PD1 ...
... no UTF-8 mapping file for font encoding PD1
) (D:\Appdata\MiKTeX\tex/generic/intcalc\intcalc.sty
Package: intcalc 2019/12/15 v1.3 Expandable calculations with integers (HO)
)
\Hy@SavedSpaceFactor=\count316
 (D:\Appdata\MiKTeX\tex/latex/hyperref\puenc.def
File: puenc.def 2025-07-12 v7.01o Hyperref: PDF Unicode definition (HO)
Now handling font encoding PU ...
... no UTF-8 mapping file for font encoding PU
)
Package hyperref Info: Option `unicode' set `true' on input line 4066.
Package hyperref Info: Option `colorlinks' set `true' on input line 4066.
Package hyperref Info: Hyper figures OFF on input line 4195.
Package hyperref Info: Link nesting OFF on input line 4200.
Package hyperref Info: Hyper index ON on input line 4203.
Package hyperref Info: Plain pages OFF on input line 4210.
Package hyperref Info: Backreferencing OFF on input line 4215.
Package hyperref Info: Implicit mode ON; LaTeX internals redefined.
Package hyperref Info: Bookmarks ON on input line 4462.
\c@Hy@tempcnt=\count317
 (D:\Appdata\MiKTeX\tex/latex/url\url.sty
\Urlmuskip=\muskip18
Package: url 2013/09/16  ver 3.4  Verb mode for urls, etc.
)
LaTeX Info: Redefining \url on input line 4801.
\XeTeXLinkMargin=\dimen173
 (D:\Appdata\MiKTeX\tex/generic/bitset\bitset.sty
Package: bitset 2019/12/09 v1.3 Handle bit-vector datatype (HO)
 (D:\Appdata\MiKTeX\tex/generic/bigintcalc\bigintcalc.sty
Package: bigintcalc 2019/12/15 v1.5 Expandable calculations on big integers (HO)
))
\Fld@menulength=\count318
\Field@Width=\dimen174
\Fld@charsize=\dimen175
Package hyperref Info: Hyper figures OFF on input line 6078.
Package hyperref Info: Link nesting OFF on input line 6083.
Package hyperref Info: Hyper index ON on input line 6086.
Package hyperref Info: backreferencing OFF on input line 6093.
Package hyperref Info: Link coloring ON on input line 6096.
Package hyperref Info: Link coloring with OCG OFF on input line 6103.
Package hyperref Info: PDF/A mode OFF on input line 6108.
\Hy@abspage=\count319
\c@Item=\count320
\c@Hfootnote=\count321
)
Package hyperref Info: Driver (autodetected): hpdftex.
 (D:\Appdata\MiKTeX\tex/latex/hyperref\hpdftex.def
File: hpdftex.def 2025-07-12 v7.01o Hyperref driver for pdfTeX
\Fld@listcount=\count322
\c@bookmark@seq@number=\count323
 (D:\Appdata\MiKTeX\tex/latex/rerunfilecheck\rerunfilecheck.sty
Package: rerunfilecheck 2025-06-21 v1.11 Rerun checks for auxiliary files (HO)
 (D:\Appdata\MiKTeX\tex/generic/uniquecounter\uniquecounter.sty
Package: uniquecounter 2019/12/15 v1.4 Provide unlimited unique counter (HO)
)
Package uniquecounter Info: New unique counter `rerunfilecheck' on input line 284.
)
\Hy@SectionHShift=\skip60
) (D:\Appdata\MiKTeX\tex/latex/stackengine\stackengine.sty
Package: stackengine 2021/07/22 v4.11\ Stacking text and objects in convenient ways
 (D:\Appdata\MiKTeX\tex/latex/listofitems\listofitems.sty (D:\Appdata\MiKTeX\tex/generic/listofitems\listofitems.tex
\loi_cnt_foreach_nest=\count324
\loi_nestcnt=\count325
)
Package: listofitems 2024/03/09 v1.65 Grab items in lists using user-specified sep char (CT)
) (D:\Appdata\MiKTeX\tex/latex/tools\calc.sty
Package: calc 2025/03/01 v4.3b Infix arithmetic (KKT,FJ)
\calc@Acount=\count326
\calc@Bcount=\count327
\calc@Adimen=\dimen176
\calc@Bdimen=\dimen177
\calc@Askip=\skip61
\calc@Bskip=\skip62
LaTeX Info: Redefining \setlength on input line 86.
LaTeX Info: Redefining \addtolength on input line 87.
\calc@Ccount=\count328
\calc@Cskip=\skip63
)
\c@@stackindex=\count329
\@boxshift=\skip64
\stack@tmplength=\skip65
\temp@stkl=\skip66
\@stackedboxwidth=\skip67
\@addedbox=\box58
\@anchorbox=\box59
\@insetbox=\box60
\se@backgroundbox=\box61
\stackedbox=\box62
\@centerbox=\box63
\c@ROWcellindex@=\count330
) (D:\Appdata\MiKTeX\tex/latex/yhmath\yhmath.sty
Package: yhmath 2020/03/17 v1.6
\symyhlargesymbols=\mathgroup7
LaTeX Font Info:    Redeclaring math accent \widetilde on input line 29.
LaTeX Font Info:    Redeclaring math accent \widehat on input line 30.
LaTeX Font Info:    Redeclaring math symbol \braceld on input line 48.
LaTeX Font Info:    Redeclaring math symbol \bracerd on input line 49.
LaTeX Font Info:    Redeclaring math symbol \bracelu on input line 50.
LaTeX Font Info:    Redeclaring math symbol \braceru on input line 51.
LaTeX Font Info:    Redeclaring math delimiter \lmoustache on input line 53.
LaTeX Font Info:    Redeclaring math delimiter \rmoustache on input line 55.
LaTeX Font Info:    Redeclaring math delimiter \arrowvert on input line 57.
LaTeX Font Info:    Redeclaring math delimiter \Arrowvert on input line 59.
LaTeX Font Info:    Redeclaring math delimiter \Vert on input line 61.
LaTeX Font Info:    Redeclaring math delimiter \vert on input line 63.
LaTeX Font Info:    Redeclaring math delimiter \uparrow on input line 65.
LaTeX Font Info:    Redeclaring math delimiter \downarrow on input line 67.
LaTeX Font Info:    Redeclaring math delimiter \updownarrow on input line 69.
LaTeX Font Info:    Redeclaring math delimiter \Uparrow on input line 71.
LaTeX Font Info:    Redeclaring math delimiter \Downarrow on input line 73.
LaTeX Font Info:    Redeclaring math delimiter \Updownarrow on input line 75.
LaTeX Font Info:    Redeclaring math delimiter \backslash on input line 79.
LaTeX Font Info:    Redeclaring math delimiter \rangle on input line 81.
LaTeX Font Info:    Redeclaring math delimiter \langle on input line 83.
LaTeX Font Info:    Redeclaring math delimiter \rbrace on input line 85.
LaTeX Font Info:    Redeclaring math delimiter \lbrace on input line 87.
LaTeX Font Info:    Redeclaring math delimiter \rceil on input line 89.
LaTeX Font Info:    Redeclaring math delimiter \lceil on input line 91.
LaTeX Font Info:    Redeclaring math delimiter \rfloor on input line 93.
LaTeX Font Info:    Redeclaring math delimiter \lfloor on input line 95.
LaTeX Font Info:    Redeclaring math delimiter \lgroup on input line 97.
LaTeX Font Info:    Redeclaring math delimiter \rgroup on input line 99.
LaTeX Font Info:    Redeclaring math delimiter \bracevert on input line 101.
) (D:\Appdata\MiKTeX\tex/latex/extarrows\extarrows.sty
Package: extarrows 2020/03/12 v1.2.0 Some extensible arrows
) (D:\Appdata\MiKTeX\tex/latex/esint\esint.sty
Package: esint 
\symlargesymbolsA=\mathgroup8
) (D:\Appdata\MiKTeX\tex/latex/nicematrix\nicematrix.sty (D:\Appdata\MiKTeX\tex/latex/pgf/basiclayer\pgfcore.sty (D:\Appdata\MiKTeX\tex/latex/pgf/systemlayer\pgfsys.sty (D:\Appdata\MiKTeX\tex/latex/pgf/utilities\pgfrcs.sty (D:\Appdata\MiKTeX\tex/generic/pgf/utilities\pgfutil-common.tex
\pgfutil@everybye=\toks33
\pgfutil@tempdima=\dimen178
\pgfutil@tempdimb=\dimen179
) (D:\Appdata\MiKTeX\tex/generic/pgf/utilities\pgfutil-latex.def
\pgfutil@abb=\box64
) (D:\Appdata\MiKTeX\tex/generic/pgf/utilities\pgfrcs.code.tex (D:\Appdata\MiKTeX\tex/generic/pgf\pgf.revision.tex)
Package: pgfrcs 2025-08-29 v3.1.11a (3.1.11a)
)) (D:\Appdata\MiKTeX\tex/generic/pgf/systemlayer\pgfsys.code.tex
Package: pgfsys 2025-08-29 v3.1.11a (3.1.11a)
 (D:\Appdata\MiKTeX\tex/generic/pgf/utilities\pgfkeys.code.tex
\pgfkeys@pathtoks=\toks34
\pgfkeys@temptoks=\toks35
 (D:\Appdata\MiKTeX\tex/generic/pgf/utilities\pgfkeyslibraryfiltered.code.tex
\pgfkeys@tmptoks=\toks36
))
\pgf@x=\dimen180
\pgf@y=\dimen181
\pgf@xa=\dimen182
\pgf@ya=\dimen183
\pgf@xb=\dimen184
\pgf@yb=\dimen185
\pgf@xc=\dimen186
\pgf@yc=\dimen187
\pgf@xd=\dimen188
\pgf@yd=\dimen189
\w@pgf@writea=\write3
\r@pgf@reada=\read2
\c@pgf@counta=\count331
\c@pgf@countb=\count332
\c@pgf@countc=\count333
\c@pgf@countd=\count334
\t@pgf@toka=\toks37
\t@pgf@tokb=\toks38
\t@pgf@tokc=\toks39
\pgf@sys@id@count=\count335
 (D:\Appdata\MiKTeX\tex/generic/pgf/systemlayer\pgf.cfg
File: pgf.cfg 2025-08-29 v3.1.11a (3.1.11a)
)
Driver file for pgf: pgfsys-pdftex.def
 (D:\Appdata\MiKTeX\tex/generic/pgf/systemlayer\pgfsys-pdftex.def
File: pgfsys-pdftex.def 2025-08-29 v3.1.11a (3.1.11a)
 (D:\Appdata\MiKTeX\tex/generic/pgf/systemlayer\pgfsys-common-pdf.def
File: pgfsys-common-pdf.def 2025-08-29 v3.1.11a (3.1.11a)
))) (D:\Appdata\MiKTeX\tex/generic/pgf/systemlayer\pgfsyssoftpath.code.tex
File: pgfsyssoftpath.code.tex 2025-08-29 v3.1.11a (3.1.11a)
\pgfsyssoftpath@smallbuffer@items=\count336
\pgfsyssoftpath@bigbuffer@items=\count337
) (D:\Appdata\MiKTeX\tex/generic/pgf/systemlayer\pgfsysprotocol.code.tex
File: pgfsysprotocol.code.tex 2025-08-29 v3.1.11a (3.1.11a)
)) (D:\Appdata\MiKTeX\tex/latex/xcolor\xcolor.sty
Package: xcolor 2024/09/29 v3.02 LaTeX color extensions (UK)
 (D:\Appdata\MiKTeX\tex/latex/graphics-cfg\color.cfg
File: color.cfg 2016/01/02 v1.6 sample color configuration
)
Package xcolor Info: Driver file: pdftex.def on input line 274.
 (D:\Appdata\MiKTeX\tex/latex/graphics\mathcolor.ltx)
Package xcolor Info: Model `cmy' substituted by `cmy0' on input line 1349.
Package xcolor Info: Model `hsb' substituted by `rgb' on input line 1353.
Package xcolor Info: Model `RGB' extended on input line 1365.
Package xcolor Info: Model `HTML' substituted by `rgb' on input line 1367.
Package xcolor Info: Model `Hsb' substituted by `hsb' on input line 1368.
Package xcolor Info: Model `tHsb' substituted by `hsb' on input line 1369.
Package xcolor Info: Model `HSB' substituted by `hsb' on input line 1370.
Package xcolor Info: Model `Gray' substituted by `gray' on input line 1371.
Package xcolor Info: Model `wave' substituted by `hsb' on input line 1372.
) (D:\Appdata\MiKTeX\tex/generic/pgf/basiclayer\pgfcore.code.tex
Package: pgfcore 2025-08-29 v3.1.11a (3.1.11a)
 (D:\Appdata\MiKTeX\tex/generic/pgf/math\pgfmath.code.tex (D:\Appdata\MiKTeX\tex/generic/pgf/math\pgfmathutil.code.tex) (D:\Appdata\MiKTeX\tex/generic/pgf/math\pgfmathparser.code.tex
\pgfmath@dimen=\dimen190
\pgfmath@count=\count338
\pgfmath@box=\box65
\pgfmath@toks=\toks40
\pgfmath@stack@operand=\toks41
\pgfmath@stack@operation=\toks42
) (D:\Appdata\MiKTeX\tex/generic/pgf/math\pgfmathfunctions.code.tex) (D:\Appdata\MiKTeX\tex/generic/pgf/math\pgfmathfunctions.basic.code.tex) (D:\Appdata\MiKTeX\tex/generic/pgf/math\pgfmathfunctions.trigonometric.code.tex) (D:\Appdata\MiKTeX\tex/generic/pgf/math\pgfmathfunctions.random.code.tex) (D:\Appdata\MiKTeX\tex/generic/pgf/math\pgfmathfunctions.comparison.code.tex) (D:\Appdata\MiKTeX\tex/generic/pgf/math\pgfmathfunctions.base.code.tex) (D:\Appdata\MiKTeX\tex/generic/pgf/math\pgfmathfunctions.round.code.tex) (D:\Appdata\MiKTeX\tex/generic/pgf/math\pgfmathfunctions.misc.code.tex) (D:\Appdata\MiKTeX\tex/generic/pgf/math\pgfmathfunctions.integerarithmetics.code.tex) (D:\Appdata\MiKTeX\tex/generic/pgf/math\pgfmathcalc.code.tex) (D:\Appdata\MiKTeX\tex/generic/pgf/math\pgfmathfloat.code.tex
\c@pgfmathroundto@lastzeros=\count339
)) (D:\Appdata\MiKTeX\tex/generic/pgf/math\pgfint.code.tex) (D:\Appdata\MiKTeX\tex/generic/pgf/basiclayer\pgfcorepoints.code.tex
File: pgfcorepoints.code.tex 2025-08-29 v3.1.11a (3.1.11a)
\pgf@picminx=\dimen191
\pgf@picmaxx=\dimen192
\pgf@picminy=\dimen193
\pgf@picmaxy=\dimen194
\pgf@pathminx=\dimen195
\pgf@pathmaxx=\dimen196
\pgf@pathminy=\dimen197
\pgf@pathmaxy=\dimen198
\pgf@xx=\dimen199
\pgf@xy=\dimen256
\pgf@yx=\dimen257
\pgf@yy=\dimen258
\pgf@zx=\dimen259
\pgf@zy=\dimen260
) (D:\Appdata\MiKTeX\tex/generic/pgf/basiclayer\pgfcorepathconstruct.code.tex
File: pgfcorepathconstruct.code.tex 2025-08-29 v3.1.11a (3.1.11a)
\pgf@path@lastx=\dimen261
\pgf@path@lasty=\dimen262
) (D:\Appdata\MiKTeX\tex/generic/pgf/basiclayer\pgfcorepathusage.code.tex
File: pgfcorepathusage.code.tex 2025-08-29 v3.1.11a (3.1.11a)
\pgf@shorten@end@additional=\dimen263
\pgf@shorten@start@additional=\dimen264
) (D:\Appdata\MiKTeX\tex/generic/pgf/basiclayer\pgfcorescopes.code.tex
File: pgfcorescopes.code.tex 2025-08-29 v3.1.11a (3.1.11a)
\pgfpic=\box66
\pgf@hbox=\box67
\pgf@layerbox@main=\box68
\pgf@picture@serial@count=\count340
) (D:\Appdata\MiKTeX\tex/generic/pgf/basiclayer\pgfcoregraphicstate.code.tex
File: pgfcoregraphicstate.code.tex 2025-08-29 v3.1.11a (3.1.11a)
\pgflinewidth=\dimen265
) (D:\Appdata\MiKTeX\tex/generic/pgf/basiclayer\pgfcoretransformations.code.tex
File: pgfcoretransformations.code.tex 2025-08-29 v3.1.11a (3.1.11a)
\pgf@pt@x=\dimen266
\pgf@pt@y=\dimen267
\pgf@pt@temp=\dimen268
) (D:\Appdata\MiKTeX\tex/generic/pgf/basiclayer\pgfcorequick.code.tex
File: pgfcorequick.code.tex 2025-08-29 v3.1.11a (3.1.11a)
) (D:\Appdata\MiKTeX\tex/generic/pgf/basiclayer\pgfcoreobjects.code.tex
File: pgfcoreobjects.code.tex 2025-08-29 v3.1.11a (3.1.11a)
) (D:\Appdata\MiKTeX\tex/generic/pgf/basiclayer\pgfcorepathprocessing.code.tex
File: pgfcorepathprocessing.code.tex 2025-08-29 v3.1.11a (3.1.11a)
) (D:\Appdata\MiKTeX\tex/generic/pgf/basiclayer\pgfcorearrows.code.tex
File: pgfcorearrows.code.tex 2025-08-29 v3.1.11a (3.1.11a)
\pgfarrowsep=\dimen269
) (D:\Appdata\MiKTeX\tex/generic/pgf/basiclayer\pgfcoreshade.code.tex
File: pgfcoreshade.code.tex 2025-08-29 v3.1.11a (3.1.11a)
\pgf@max=\dimen270
\pgf@sys@shading@range@num=\count341
\pgf@shadingcount=\count342
) (D:\Appdata\MiKTeX\tex/generic/pgf/basiclayer\pgfcoreimage.code.tex
File: pgfcoreimage.code.tex 2025-08-29 v3.1.11a (3.1.11a)
) (D:\Appdata\MiKTeX\tex/generic/pgf/basiclayer\pgfcoreexternal.code.tex
File: pgfcoreexternal.code.tex 2025-08-29 v3.1.11a (3.1.11a)
\pgfexternal@startupbox=\box69
) (D:\Appdata\MiKTeX\tex/generic/pgf/basiclayer\pgfcorelayers.code.tex
File: pgfcorelayers.code.tex 2025-08-29 v3.1.11a (3.1.11a)
) (D:\Appdata\MiKTeX\tex/generic/pgf/basiclayer\pgfcoretransparency.code.tex
File: pgfcoretransparency.code.tex 2025-08-29 v3.1.11a (3.1.11a)
) (D:\Appdata\MiKTeX\tex/generic/pgf/basiclayer\pgfcorepatterns.code.tex
File: pgfcorepatterns.code.tex 2025-08-29 v3.1.11a (3.1.11a)
) (D:\Appdata\MiKTeX\tex/generic/pgf/basiclayer\pgfcorerdf.code.tex
File: pgfcorerdf.code.tex 2025-08-29 v3.1.11a (3.1.11a)
))) (D:\Appdata\MiKTeX\tex/generic/pgf/modules\pgfmoduleshapes.code.tex
File: pgfmoduleshapes.code.tex 2025-08-29 v3.1.11a (3.1.11a)
\pgfnodeparttextbox=\box70
)
Package: nicematrix 2025/12/14 v7.5 Enhanced arrays with the help of PGF/TikZ
 (D:\Appdata\MiKTeX\tex/latex/tools\array.sty
Rollback for package 'array' requested -> date 2025/06/08.
         Best approximation is the release introduced on 2024-06-01.
Package: array 2025/09/25 v2.6n Tabular extension package (FMi)
\col@sep=\dimen271
\ar@mcellbox=\box71
\extrarowheight=\dimen272
\NC@list=\toks43
\extratabsurround=\skip68
\backup@length=\skip69
\ar@cellbox=\box72
)
\l__nicematrix_tmpc_dim=\dimen273
\l__nicematrix_tmpd_dim=\dimen274
\l__nicematrix_tmpc_int=\count343
\g__nicematrix_env_int=\count344
\l__nicematrix_the_array_box=\box73
\g__nicematrix_NiceMatrixBlock_int=\count345
\g__nicematrix_notes_caption_int=\count346
\l__nicematrix_columns_width_dim=\dimen275
\l__nicematrix_col_width_dim=\dimen276
\g__nicematrix_row_total_int=\count347
\g__nicematrix_col_total_int=\count348
\g__nicematrix_last_row_node_int=\count349
\l__nicematrix_key_nb_rows_int=\count350
\g__nicematrix_blocks_wd_dim=\dimen277
\g__nicematrix_blocks_ht_dim=\dimen278
\g__nicematrix_blocks_dp_dim=\dimen279
\l__nicematrix_width_dim=\dimen280
\l__nicematrix_tabular_width_dim=\dimen281
\l__nicematrix_rule_width_dim=\dimen282
\l__nicematrix_old_iRow_int=\count351
\l__nicematrix_old_jCol_int=\count352
\l__nicematrix_X_columns_dim=\dimen283
\l__nicematrix_brace_shift_dim=\dimen284
\l__nicematrix_x_initial_dim=\dimen285
\l__nicematrix_y_initial_dim=\dimen286
\l__nicematrix_x_final_dim=\dimen287
\l__nicematrix_y_final_dim=\dimen288
\g__nicematrix_dp_row_zero_dim=\dimen289
\g__nicematrix_ht_row_zero_dim=\dimen290
\g__nicematrix_ht_row_one_dim=\dimen291
\g__nicematrix_dp_ante_last_row_dim=\dimen292
\g__nicematrix_ht_last_row_dim=\dimen293
\g__nicematrix_dp_last_row_dim=\dimen294
\g__nicematrix_width_last_col_dim=\dimen295
\g__nicematrix_width_first_col_dim=\dimen296
\g__nicematrix_ddots_int=\count353
\g__nicematrix_iddots_int=\count354
\g__nicematrix_delta_x_one_dim=\dimen297
\g__nicematrix_delta_y_one_dim=\dimen298
\g__nicematrix_delta_x_two_dim=\dimen299
\g__nicematrix_delta_y_two_dim=\dimen300
\l__nicematrix_row_min_int=\count355
\l__nicematrix_row_max_int=\count356
\l__nicematrix_col_min_int=\count357
\l__nicematrix_col_max_int=\count358
\l__nicematrix_initial_i_int=\count359
\l__nicematrix_initial_j_int=\count360
\l__nicematrix_final_i_int=\count361
\l__nicematrix_final_j_int=\count362
\l__nicematrix_start_int=\count363
\l__nicematrix_end_int=\count364
\l__nicematrix_local_start_int=\count365
\l__nicematrix_local_end_int=\count366
\g__nicematrix_static_num_of_col_int=\count367
\l__nicematrix_rounded_corners_dim=\dimen301
\l__nicematrix_tab_rounded_corners_dim=\dimen302
\l__nicematrix_offset_dim=\dimen303
\l__nicematrix_line_width_dim=\dimen304
\g__nicematrix_block_box_int=\count368
\l__nicematrix_submatrix_extra_height_dim=\dimen305
\l__nicematrix_submatrix_left_xshift_dim=\dimen306
\l__nicematrix_submatrix_right_xshift_dim=\dimen307
\l__nicematrix_first_row_int=\count369
\l__nicematrix_first_col_int=\count370
\l__nicematrix_last_row_int=\count371
\l__nicematrix_last_col_int=\count372
\c@tabularnote=\count373
\g__nicematrix_tabularnote_int=\count374
\c@nicematrix_draft=\count375
\l__nicematrix_cell_space_top_limit_dim=\dimen308
\l__nicematrix_cell_space_bottom_limit_dim=\dimen309
\l__nicematrix_xdots_inter_dim=\dimen310
\l__nicematrix_xdots_shorten_start_dim=\dimen311
\l__nicematrix_xdots_shorten_end_dim=\dimen312
\l__nicematrix_xdots_radius_dim=\dimen313
\l__nicematrix_left_margin_dim=\dimen314
\l__nicematrix_right_margin_dim=\dimen315
\l__nicematrix_extra_left_margin_dim=\dimen316
\l__nicematrix_extra_right_margin_dim=\dimen317
\c__nicematrix_max_l_dim=\dimen318
\l__nicematrix_position_int=\count376
\l__nicematrix_multiplicity_int=\count377
\l__nicematrix_brace_yshift_dim=\dimen319
) (D:\Appdata\MiKTeX\tex/latex/fancyhdr\fancyhdr.sty
Package: fancyhdr 2025/02/07 v5.2 Extensive control of page headers and footers
\f@nch@headwidth=\skip70
\f@nch@offset@elh=\skip71
\f@nch@offset@erh=\skip72
\f@nch@offset@olh=\skip73
\f@nch@offset@orh=\skip74
\f@nch@offset@elf=\skip75
\f@nch@offset@erf=\skip76
\f@nch@offset@olf=\skip77
\f@nch@offset@orf=\skip78
\f@nch@height=\skip79
\f@nch@footalignment=\skip80
\f@nch@widthL=\skip81
\f@nch@widthC=\skip82
\f@nch@widthR=\skip83
\@temptokenb=\toks44
) (D:\Appdata\MiKTeX\tex/latex/graphics\dvipsnam.def
File: dvipsnam.def 2016/06/17 v3.0m Driver-dependent file (DPC,SPQR)
) (D:\Appdata\MiKTeX\tex/latex/xcolor\svgnam.def
File: svgnam.def 2024/09/29 v3.02 Predefined colors according to SVG 1.1 (UK)
) (D:\Appdata\MiKTeX\tex/latex/listings\listings.sty
\lst@mode=\count378
\lst@gtempboxa=\box74
\lst@token=\toks45
\lst@length=\count379
\lst@currlwidth=\dimen320
\lst@column=\count380
\lst@pos=\count381
\lst@lostspace=\dimen321
\lst@width=\dimen322
\lst@newlines=\count382
\lst@lineno=\count383
\lst@maxwidth=\dimen323
 (D:\Appdata\MiKTeX\tex/latex/listings\lstpatch.sty
File: lstpatch.sty 2025/11/14 1.11b (Carsten Heinz)
) (D:\Appdata\MiKTeX\tex/latex/listings\lstmisc.sty
File: lstmisc.sty 2025/11/14 1.11b (Carsten Heinz)
\c@lstnumber=\count384
\lst@skipnumbers=\count385
\lst@framebox=\box75
) (D:\Appdata\MiKTeX\tex/latex/listings\listings.cfg
File: listings.cfg 2025/11/14 1.11b listings configuration
))
Package: listings 2025/11/14 1.11b (Carsten Heinz)

==> First Aid for listings.sty no longer applied!
    Expected:
        2024/09/23 1.10c (Carsten Heinz)
    but found:
        2025/11/14 1.11b (Carsten Heinz)
    so I'm assuming it got fixed.
(D:\Appdata\MiKTeX\tex/latex/pgf/frontendlayer\tikz.sty (D:\Appdata\MiKTeX\tex/latex/pgf/basiclayer\pgf.sty
Package: pgf 2025-08-29 v3.1.11a (3.1.11a)
 (D:\Appdata\MiKTeX\tex/generic/pgf/modules\pgfmoduleplot.code.tex
File: pgfmoduleplot.code.tex 2025-08-29 v3.1.11a (3.1.11a)
) (D:\Appdata\MiKTeX\tex/latex/pgf/compatibility\pgfcomp-version-0-65.sty
Package: pgfcomp-version-0-65 2025-08-29 v3.1.11a (3.1.11a)
\pgf@nodesepstart=\dimen324
\pgf@nodesepend=\dimen325
) (D:\Appdata\MiKTeX\tex/latex/pgf/compatibility\pgfcomp-version-1-18.sty
Package: pgfcomp-version-1-18 2025-08-29 v3.1.11a (3.1.11a)
)) (D:\Appdata\MiKTeX\tex/latex/pgf/utilities\pgffor.sty (D:\Appdata\MiKTeX\tex/latex/pgf/utilities\pgfkeys.sty (D:\Appdata\MiKTeX\tex/generic/pgf/utilities\pgfkeys.code.tex)) (D:\Appdata\MiKTeX\tex/latex/pgf/math\pgfmath.sty (D:\Appdata\MiKTeX\tex/generic/pgf/math\pgfmath.code.tex)) (D:\Appdata\MiKTeX\tex/generic/pgf/utilities\pgffor.code.tex
Package: pgffor 2025-08-29 v3.1.11a (3.1.11a)
\pgffor@iter=\dimen326
\pgffor@skip=\dimen327
\pgffor@stack=\toks46
\pgffor@toks=\toks47
)) (D:\Appdata\MiKTeX\tex/generic/pgf/frontendlayer/tikz\tikz.code.tex
Package: tikz 2025-08-29 v3.1.11a (3.1.11a)
 (D:\Appdata\MiKTeX\tex/generic/pgf/libraries\pgflibraryplothandlers.code.tex
File: pgflibraryplothandlers.code.tex 2025-08-29 v3.1.11a (3.1.11a)
\pgf@plot@mark@count=\count386
\pgfplotmarksize=\dimen328
)
\tikz@lastx=\dimen329
\tikz@lasty=\dimen330
\tikz@lastxsaved=\dimen331
\tikz@lastysaved=\dimen332
\tikz@lastmovetox=\dimen333
\tikz@lastmovetoy=\dimen334
\tikzleveldistance=\dimen335
\tikzsiblingdistance=\dimen336
\tikz@figbox=\box76
\tikz@figbox@bg=\box77
\tikz@tempbox=\box78
\tikz@tempbox@bg=\box79
\tikztreelevel=\count387
\tikznumberofchildren=\count388
\tikznumberofcurrentchild=\count389
\tikz@fig@count=\count390
 (D:\Appdata\MiKTeX\tex/generic/pgf/modules\pgfmodulematrix.code.tex
File: pgfmodulematrix.code.tex 2025-08-29 v3.1.11a (3.1.11a)
\pgfmatrixcurrentrow=\count391
\pgfmatrixcurrentcolumn=\count392
\pgf@matrix@numberofcolumns=\count393
)
\tikz@expandcount=\count394
 (D:\Appdata\MiKTeX\tex/generic/pgf/frontendlayer/tikz/libraries\tikzlibrarytopaths.code.tex
File: tikzlibrarytopaths.code.tex 2025-08-29 v3.1.11a (3.1.11a)
))) (D:\Appdata\MiKTeX\tex/latex/tools\bm.sty
Package: bm 2025/10/21 v1.2g Bold Symbol Support (DPC/FMi)
\symboldoperators=\mathgroup9
\symboldletters=\mathgroup10
\symboldsymbols=\mathgroup11
Package bm Info: No bold for \OMX/cmex/m/n, using \pmb.
Package bm Info: No bold for \U/msa/m/n, using \pmb.
Package bm Info: No bold for \U/msb/m/n, using \pmb.
Package bm Info: No bold for \U/rsfs/m/n, using \pmb.
Package bm Info: No bold for \OMX/yhex/m/n, using \pmb.
Package bm Info: No bold for \U/esint/m/n, using \pmb.
LaTeX Font Info:    Redeclaring math alphabet \mathbf on input line 149.
) (D:\Appdata\MiKTeX\tex/latex/tasks\tasks.sty (D:\Appdata\MiKTeX\tex/latex/l3packages/xparse\xparse.sty
Package: xparse 2025-10-09 L3 Experimental document command parser
) (D:\Appdata\MiKTeX\tex/latex/l3packages/xtemplate\xtemplate.sty
Package: xtemplate 2025-10-09 L3 Experimental prototype document functions
)
Package: tasks 2022/01/08 v1.4a lists with columns filled horizontally
\g__tasks_total_items_int=\count395
\l__tasks_columns_int=\count396
\g__tasks_rows_int=\count397
\g__tasks_current_col_num_int=\count398
\g__tasks_current_row_num_int=\count399
\l__tasks_item_columns_int=\count400
\g__tasks_env_int=\count401
\l__tasks_start_int=\count402
\l__tasks_item_indent_dim=\dimen337
\l__tasks_item_default_indent_dim=\dimen338
\l__tasks_item_width_dim=\dimen339
\l__tasks_label_width_dim=\dimen340
\l__tasks_label_default_width_dim=\dimen341
\l__tasks_label_offset_dim=\dimen342
\l__tasks_label_default_offset_dim=\dimen343
\l__tasks_column_sep_dim=\dimen344
\l__tasks_correction_dim=\dimen345
\l__tasks_full_width_dim=\dimen346
\l__tasks_after_item_skip=\skip84
\l__tasks_custom_after_item_skip=\skip85
\l__tasks_before_list_skip=\skip86
\l__tasks_after_list_skip=\skip87
\l__tasks_item_coffin=\box80
\l__tasks_label_coffin=\box81
\c@task=\count403
\l__tasks_tmpa_int=\count404
\l__tasks_tmpb_int=\count405
\l__tasks_tmpa_coffin=\box82
\l__tasks_tmpa_box=\box83

LaTeX template Info: Declaring template type 'tasks' taking 3 argument(s) on
(template)           line 450.

 (D:\Appdata\MiKTeX\tex/latex/tasks\tasks.cfg)) (D:\Appdata\MiKTeX\tex/latex/tools\multicol.sty
Package: multicol 2025/10/21 v2.0b multicolumn formatting (FMi)
\c@tracingmulticols=\count406
\mult@box=\box84
\multicol@leftmargin=\dimen347
\c@unbalance=\count407
\c@collectmore=\count408
\doublecol@number=\count409
\multicoltolerance=\count410
\multicolpretolerance=\count411
\full@width=\dimen348
\page@free=\dimen349
\premulticols=\dimen350
\postmulticols=\dimen351
\multicolsep=\skip88
\multicolbaselineskip=\skip89
\partial@page=\box85
\last@line=\box86
\mc@boxedresult=\box87
\maxbalancingoverflow=\dimen352
\mult@rightbox=\box88
\mult@grightbox=\box89
\mult@firstbox=\box90
\mult@gfirstbox=\box91
\@tempa=\box92
\@tempa=\box93
\@tempa=\box94
\@tempa=\box95
\@tempa=\box96
\@tempa=\box97
\@tempa=\box98
\@tempa=\box99
\@tempa=\box100
\@tempa=\box101
\@tempa=\box102
\@tempa=\box103
\@tempa=\box104
\@tempa=\box105
\@tempa=\box106
\@tempa=\box107
\@tempa=\box108
\@tempa=\box109
\@tempa=\box110
\@tempa=\box111
\@tempa=\box112
\@tempa=\box113
\@tempa=\box114
\@tempa=\box115
\@tempa=\box116
\@tempa=\box117
\@tempa=\box118
\@tempa=\box119
\@tempa=\box120
\@tempa=\box121
\@tempa=\box122
\@tempa=\box123
\@tempa=\box124
\@tempa=\box125
\@tempa=\box126
\@tempa=\box127
\c@minrows=\count412
\c@columnbadness=\count413
\c@finalcolumnbadness=\count414
\last@try=\dimen353
\multicolovershoot=\dimen354
\multicolundershoot=\dimen355
\mult@nat@firstbox=\box128
\colbreak@box=\box129
\mc@col@check@num=\count415
\g__mc_curr_col_int=\count416
) (D:\Appdata\MiKTeX\tex/latex/listings\lstlang1.sty
File: lstlang1.sty 2025/11/14 1.11b listings language file
) (D:\Appdata\MiKTeX\tex/latex/listings\lstlang1.sty
File: lstlang1.sty 2025/11/14 1.11b listings language file
) (D:\Appdata\MiKTeX\tex/latex/listings\lstlang1.sty
File: lstlang1.sty 2025/11/14 1.11b listings language file
) (D:\Appdata\MiKTeX\tex/latex/listings\lstlang1.sty
File: lstlang1.sty 2025/11/14 1.11b listings language file
) (D:\Appdata\MiKTeX\tex/latex/listings\lstlang1.sty
File: lstlang1.sty 2025/11/14 1.11b listings language file
) (D:\Appdata\MiKTeX\tex/latex/listings\lstlang2.sty
File: lstlang2.sty 2025/11/14 1.11b listings language file
) (D:\Appdata\MiKTeX\tex/latex/listings\lstlang3.sty
File: lstlang3.sty 2025/11/14 1.11b listings language file
) (D:\Appdata\MiKTeX\tex/latex/listings\lstlang1.sty
File: lstlang1.sty 2025/11/14 1.11b listings language file
) (D:\Appdata\MiKTeX\tex/latex/listings\lstlang2.sty
File: lstlang2.sty 2025/11/14 1.11b listings language file
) (D:\Appdata\MiKTeX\tex/latex/listings\lstlang3.sty
File: lstlang3.sty 2025/11/14 1.11b listings language file
) (D:\Appdata\MiKTeX\tex/latex/listings\lstlang1.sty
File: lstlang1.sty 2025/11/14 1.11b listings language file
) (D:\Appdata\MiKTeX\tex/latex/listings\lstlang2.sty
File: lstlang2.sty 2025/11/14 1.11b listings language file
) (D:\Appdata\MiKTeX\tex/latex/listings\lstlang3.sty
File: lstlang3.sty 2025/11/14 1.11b listings language file
) (D:\Appdata\MiKTeX\tex/latex/listings\lstmisc.sty
File: lstmisc.sty 2025/11/14 1.11b (Carsten Heinz)
)) (config/theorem1_zh.tex (D:\Appdata\MiKTeX\tex/latex/changepage\changepage.sty
Package: changepage 2009/10/20 v1.0c check page and change page layout
\c@cp@cntr=\count417
\cp@tempcnt=\count418
) (D:\Appdata\MiKTeX\tex/latex/framed\framed.sty
Package: framed 2011/10/22 v 0.96: framed or shaded text with page breaks
\OuterFrameSep=\skip90
\fb@frw=\dimen356
\fb@frh=\dimen357
\FrameRule=\dimen358
\FrameSep=\dimen359
)
\c@myDefn=\count419
\c@myLemma=\count420
\c@myProposition=\count421
\c@example=\count422
\c@exercise=\count423
) (config/custom.tex) (config/cover_package_3.tex) (D:\Appdata\MiKTeX\tex/latex/titling\titling.sty
Package: titling 2009/09/04 v2.1d maketitle typesetting
\thanksmarkwidth=\skip91
\thanksmargin=\skip92
\droptitle=\skip93
)) (D:\Appdata\MiKTeX\tex/latex/cjk/UTF8\UTF8.enc
File: UTF8.enc 2021/10/16 4.8.5
) (D:\Appdata\MiKTeX\tex/latex/cjk/UTF8\UTF8.chr
File: UTF8.chr 2021/10/16 4.8.5
) (main.aux (config/cover.aux) (chap1/chap.aux) (chap2/chap.aux) (chap3/chap.aux) (chap4/chap.aux) (chap5/chap.aux) (chap6/chap.aux) (chap7/chap.aux))
\openout1 = `main.aux'.

LaTeX Font Info:    Checking defaults for OML/cmm/m/it on input line 5.
LaTeX Font Info:    ... okay on input line 5.
LaTeX Font Info:    Checking defaults for OMS/cmsy/m/n on input line 5.
LaTeX Font Info:    ... okay on input line 5.
LaTeX Font Info:    Checking defaults for OT1/cmr/m/n on input line 5.
LaTeX Font Info:    ... okay on input line 5.
LaTeX Font Info:    Checking defaults for T1/cmr/m/n on input line 5.
LaTeX Font Info:    ... okay on input line 5.
LaTeX Font Info:    Checking defaults for TS1/cmr/m/n on input line 5.
LaTeX Font Info:    ... okay on input line 5.
LaTeX Font Info:    Checking defaults for OMX/cmex/m/n on input line 5.
LaTeX Font Info:    ... okay on input line 5.
LaTeX Font Info:    Checking defaults for U/cmr/m/n on input line 5.
LaTeX Font Info:    ... okay on input line 5.
LaTeX Font Info:    Checking defaults for C00/song/m/n on input line 5.
LaTeX Font Info:    ... okay on input line 5.
LaTeX Font Info:    Checking defaults for C05/song/m/n on input line 5.
LaTeX Font Info:    ... okay on input line 5.
LaTeX Font Info:    Checking defaults for C09/song/m/n on input line 5.
LaTeX Font Info:    ... okay on input line 5.
LaTeX Font Info:    Checking defaults for C10/song/m/n on input line 5.
LaTeX Font Info:    ... okay on input line 5.
LaTeX Font Info:    Checking defaults for C20/song/m/n on input line 5.
LaTeX Font Info:    ... okay on input line 5.
LaTeX Font Info:    Checking defaults for C19/song/m/n on input line 5.
LaTeX Font Info:    ... okay on input line 5.
LaTeX Font Info:    Checking defaults for C40/song/m/n on input line 5.
LaTeX Font Info:    ... okay on input line 5.
LaTeX Font Info:    Checking defaults for C42/song/m/n on input line 5.
LaTeX Font Info:    ... okay on input line 5.
LaTeX Font Info:    Checking defaults for C43/song/m/n on input line 5.
LaTeX Font Info:    ... okay on input line 5.
LaTeX Font Info:    Checking defaults for C50/song/m/n on input line 5.
LaTeX Font Info:    ... okay on input line 5.
LaTeX Font Info:    Checking defaults for C52/song/m/n on input line 5.
LaTeX Font Info:    ... okay on input line 5.
LaTeX Font Info:    Checking defaults for C49/song/m/n on input line 5.
LaTeX Font Info:    ... okay on input line 5.
LaTeX Font Info:    Checking defaults for C60/mj/m/n on input line 5.
LaTeX Font Info:    ... okay on input line 5.
LaTeX Font Info:    Checking defaults for C61/mj/m/n on input line 5.
LaTeX Font Info:    ... okay on input line 5.
LaTeX Font Info:    Checking defaults for C63/mj/m/n on input line 5.
LaTeX Font Info:    ... okay on input line 5.
LaTeX Font Info:    Checking defaults for C64/mj/m/n on input line 5.
LaTeX Font Info:    ... okay on input line 5.
LaTeX Font Info:    Checking defaults for C65/mj/m/n on input line 5.
LaTeX Font Info:    ... okay on input line 5.
LaTeX Font Info:    Checking defaults for C70/song/m/n on input line 5.
LaTeX Font Info:    ... okay on input line 5.
LaTeX Font Info:    Checking defaults for C31/song/m/n on input line 5.
LaTeX Font Info:    ... okay on input line 5.
LaTeX Font Info:    Checking defaults for C32/song/m/n on input line 5.
LaTeX Font Info:    ... okay on input line 5.
LaTeX Font Info:    Checking defaults for C33/song/m/n on input line 5.
LaTeX Font Info:    ... okay on input line 5.
LaTeX Font Info:    Checking defaults for C34/song/m/n on input line 5.
LaTeX Font Info:    ... okay on input line 5.
LaTeX Font Info:    Checking defaults for C35/song/m/n on input line 5.
LaTeX Font Info:    ... okay on input line 5.
LaTeX Font Info:    Checking defaults for C36/song/m/n on input line 5.
LaTeX Font Info:    ... okay on input line 5.
LaTeX Font Info:    Checking defaults for C37/song/m/n on input line 5.
LaTeX Font Info:    ... okay on input line 5.
LaTeX Font Info:    Checking defaults for C80/song/m/n on input line 5.
LaTeX Font Info:    ... okay on input line 5.
LaTeX Font Info:    Checking defaults for C81/song/m/n on input line 5.
LaTeX Font Info:    ... okay on input line 5.
LaTeX Font Info:    Checking defaults for C01/song/m/n on input line 5.
LaTeX Font Info:    ... okay on input line 5.
LaTeX Font Info:    Checking defaults for C11/song/m/n on input line 5.
LaTeX Font Info:    ... okay on input line 5.
LaTeX Font Info:    Checking defaults for C21/song/m/n on input line 5.
LaTeX Font Info:    ... okay on input line 5.
LaTeX Font Info:    Checking defaults for C41/song/m/n on input line 5.
LaTeX Font Info:    ... okay on input line 5.
LaTeX Font Info:    Checking defaults for C62/song/m/n on input line 5.
LaTeX Font Info:    ... okay on input line 5.
LaTeX Font Info:    Checking defaults for PD1/pdf/m/n on input line 5.
LaTeX Font Info:    ... okay on input line 5.
LaTeX Font Info:    Checking defaults for PU/pdf/m/n on input line 5.
LaTeX Font Info:    ... okay on input line 5.
 (D:\Appdata\MiKTeX\tex/context/base/mkii\supp-pdf.mkii
[Loading MPS to PDF converter (version 2006.09.02).]
\scratchcounter=\count424
\scratchdimen=\dimen360
\scratchbox=\box130
\nofMPsegments=\count425
\nofMParguments=\count426
\everyMPshowfont=\toks48
\MPscratchCnt=\count427
\MPscratchDim=\dimen361
\MPnumerator=\count428
\makeMPintoPDFobject=\count429
\everyMPtoPDFconversion=\toks49
) (D:\Appdata\MiKTeX\tex/latex/epstopdf-pkg\epstopdf-base.sty
Package: epstopdf-base 2020-01-24 v2.11 Base part for package epstopdf
Package epstopdf-base Info: Redefining graphics rule for `.eps' on input line 485.
 (D:\Appdata\MiKTeX\tex/latex/00miktex\epstopdf-sys.cfg
File: epstopdf-sys.cfg 2021/03/18 v2.0 Configuration of epstopdf for MiKTeX
))
*geometry* driver: auto-detecting
*geometry* detected driver: pdftex
*geometry* verbose mode - [ preamble ] result:
* driver: pdftex
* paper: a4paper
* layout: <same size as paper>
* layoutoffset:(h,v)=(0.0pt,0.0pt)
* modes: 
* h-part:(L,W,R)=(56.9055pt, 483.69687pt, 56.9055pt)
* v-part:(T,H,B)=(72.26997pt, 700.5069pt, 72.26997pt)
* \paperwidth=597.50787pt
* \paperheight=845.04684pt
* \textwidth=483.69687pt
* \textheight=700.5069pt
* \oddsidemargin=-15.36449pt
* \evensidemargin=-15.36449pt
* \topmargin=-73.12352pt
* \headheight=61.74242pt
* \headsep=11.38109pt
* \topskip=12.0pt
* \footskip=34.1433pt
* \marginparwidth=38.0pt
* \marginparsep=7.0pt
* \columnsep=10.0pt
* \skip\footins=10.8pt plus 4.0pt minus 2.0pt
* \hoffset=0.0pt
* \voffset=0.0pt
* \mag=1000
* \@twocolumnfalse
* \@twosidefalse
* \@mparswitchfalse
* \@reversemarginfalse
* (1in=72.27pt=25.4mm, 1cm=28.453pt)

Package hyperref Info: Link coloring ON on input line 5.
(main.out) (main.out)
\@outlinefile=\write4
\openout4 = `main.out'.

\c__nicematrix_shift_Ldots_last_row_dim=\dimen362
\c__nicematrix_innersep_middle_dim=\dimen363
\c@tabularnotesi=\count430
\enitdp@tabularnotes=\count431
\c@tabularnotes*i=\count432
\enitdp@tabularnotes*=\count433
\c@lstlisting=\count434
\openout2 = `config/cover.aux'.

 (config/cover.tex (config/cover_text_3.tex
*geometry* verbose mode - [ newgeometry ] result:
* driver: pdftex
* paper: a4paper
* layout: <same size as paper>
* layoutoffset:(h,v)=(0.0pt,0.0pt)
* modes: 
* h-part:(L,W,R)=(0.0pt, 597.50787pt, 0.0pt)
* v-part:(T,H,B)=(0.0pt, 845.04684pt, 0.0pt)
* \paperwidth=597.50787pt
* \paperheight=845.04684pt
* \textwidth=597.50787pt
* \textheight=845.04684pt
* \oddsidemargin=-72.26999pt
* \evensidemargin=-72.26999pt
* \topmargin=-145.3935pt
* \headheight=61.74242pt
* \headsep=11.38109pt
* \topskip=12.0pt
* \footskip=34.1433pt
* \marginparwidth=38.0pt
* \marginparsep=7.0pt
* \columnsep=10.0pt
* \skip\footins=10.8pt plus 4.0pt minus 2.0pt
* \hoffset=0.0pt
* \voffset=0.0pt
* \mag=1000
* \@twocolumnfalse
* \@twosidefalse
* \@mparswitchfalse
* \@reversemarginfalse
* (1in=72.27pt=25.4mm, 1cm=28.453pt)

<config/cover_package_3_jakub.jpg, id=170, 1927.2pt x 1086.0575pt>
File: config/cover_package_3_jakub.jpg Graphic file (type jpg)
<use config/cover_package_3_jakub.jpg>
Package pdftex.def Info: config/cover_package_3_jakub.jpg  used on input line 37.
(pdftex.def)             Requested size: 597.50787pt x 336.70749pt.
LaTeX Font Info:    Trying to load font information for C70+rm on input line 37.
 (D:\Appdata\MiKTeX\tex/latex/ctex/fd\c70rm.fd
File: c70rm.fd 2022/07/14 v2.5.10 Chinese font definition (CTEX)
)
LaTeX Font Info:    Trying to load font information for U+msa on input line 37.
 (D:\Appdata\MiKTeX\tex/latex/amsfonts\umsa.fd
File: umsa.fd 2013/01/14 v3.01 AMS symbols A
)
LaTeX Font Info:    Trying to load font information for U+msb on input line 37.
 (D:\Appdata\MiKTeX\tex/latex/amsfonts\umsb.fd
File: umsb.fd 2013/01/14 v3.01 AMS symbols B
)
LaTeX Font Info:    Trying to load font information for U+rsfs on input line 37.
 (D:\Appdata\MiKTeX\tex/latex/jknappen\ursfs.fd
File: ursfs.fd 1998/03/24 rsfs font definition file (jk)
)
LaTeX Font Info:    Trying to load font information for OMX+yhex on input line 37.
 (D:\Appdata\MiKTeX\tex/latex/yhmath\omxyhex.fd
File: OMXyhex.fd 
File: OMXyhex.fd 2013/07/03 v1.1 YH's humble contribution to TeX maths (NP)
)
LaTeX Font Info:    Trying to load font information for U+esint on input line 37.
 (D:\Appdata\MiKTeX\tex/latex/esint\uesint.fd
File: uesint.fd 
) (D:\Appdata\MiKTeX\tex/generic/ctex/zhmap\ctex-zhmap-windows.tex
File: ctex-zhmap-windows.tex 2022/07/14 v2.5.10 Windows font map loader for pdfTeX and DVIPDFMx (CTEX)
{C:/Users/Meer_/AppData/Local/MiKTeX/fonts/map/pdftex/pdftex.map}{UGBK.sfd}{Unicode.sfd}) [1




 <./config/cover_package_3_jakub.jpg>])
Package CJKpunct Info: use punctuation spaces for family 'rm' with punctstyle (quanjiao) on input line 8.

pdfTeX warning (ext4): destination with the same identifier (name{page.1}) has been already used, duplicate ignored
<to be read again> 
                   \relax 
l.15 \newpage
              [1

] (main.toc [1

])
\tf@toc=\write5
\openout5 = `main.toc'.

 [2])
\openout2 = `chap1/chap.aux'.

 (chap1/chap.tex
ń¼¼õĖĆń½Ā
\g__nicematrix_max_cell_width_dim=\dimen364
\c@iRow=\count435
\c@jCol=\count436
\l__nicematrix_cell_box=\box131
\l__nicematrix_left_delim_dim=\dimen365
\l__nicematrix_right_delim_dim=\dimen366

pdfTeX warning (ext4): destination with the same identifier (name{page.1}) has been already used, duplicate ignored
<to be read again> 
                   \relax 
l.72 \end{align*}
                  [1




] [2] [3]
Overfull \hbox (12.29482pt too wide) detected at line 214
\OML/cmm/m/it/12 D[] \OT1/cmr/m/n/12 = [] = [] = [] [] \OML/cmm/m/it/12 b[]
 []

[4] [5]) [6]
\openout2 = `chap2/chap.aux'.

 (chap2/chap.tex
ń¼¼õ║īń½Ā
[7




]
Underfull \hbox (badness 4954) in paragraph at lines 48--49
[][]\C70/rm/bx/n/12/5b Ü \C70/rm/bx/n/12/74 ^^F \OT1/cmr/bx/n/12 2.1.4. []\C70/rm/m/n/12/52 ^^] \C70/rm/m/n/12/7b I \C70/rm/m/n/12/88 L \C70/rm/m/n/12/53 ž \C70/rm/m/n/12/63 b \C70/rm/m/n/12/6c B \C70/rm/m/n/12/90 ^^F \C70/rm/m/n/12/77 ķ \C70/rm/m/n/12/96 5|\C70/rm/m/n/12/ff ^^Z| \C70/rm/m/n/12/8b Š$\OML/cmm/b/it/12 A$\C70/rm/m/n/12/4e :$\OML/cmm/m/it/12 n$\C70/rm/m/n/12/96 6 \C70/rm/m/n/12/53 ’ \C70/rm/m/n/12/90 ^^F \C70/rm/m/n/12/77 ķ \C70/rm/m/n/12/96 5|\C70/rm/m/n/12/ff ^^L| $\OML/cmm/b/it/12 E$\C70/rm/m/n/12/4e :$\OML/cmm/m/it/12 n$\C70/rm/m/n/12/96 6 \C70/rm/m/n/12/53 U \C70/rm/m/n/12/4f M \C70/rm/m/n/12/77 ķ \C70/rm/m/n/12/96 5|\C70/rm/m/n/12/ff ^^L|
 []


Underfull \hbox (badness 10000) in paragraph at lines 90--92

 []


Underfull \hbox (badness 10000) in paragraph at lines 105--107

 []


Underfull \hbox (badness 10000) in paragraph at lines 120--122

 []


Underfull \hbox (badness 10000) in paragraph at lines 135--137

 []

[8] [9] [10] [11] [12]
Overfull \hbox (15.95895pt too wide) in paragraph at lines 358--363
[][][][]\C70/rm/bx/n/12/4f ŗ \OT1/cmr/bx/n/12 2.3.3. [][]\C70/rm/m/n/12/5b ∙ \C70/rm/m/n/12/4e Ä$\OML/cmm/b/it/12 A[]$|\C70/rm/m/n/12/ff ^^L| \C70/rm/m/n/12/4e ż \C70/rm/m/n/12/63 b$\OML/cmm/b/it/12 A$\C70/rm/m/n/12/76 ä\OT1/cmr/m/n/12 2|\C70/rm/m/n/12/30 ^^A| \OT1/cmr/m/n/12 3\C70/rm/m/n/12/88 L|\C70/rm/m/n/12/ff ^^L| \C70/rm/m/n/12/51 Ź \C70/rm/m/n/12/5c ^^F \C70/rm/m/n/12/51 v \C70/rm/m/n/12/7b ,\OT1/cmr/m/n/12 2\C70/rm/m/n/12/52 ^^W \C70/rm/m/n/12/76 ä$\OMS/cmsy/m/n/12 ^^@\OT1/cmr/m/n/12 1$\C70/rm/m/n/12/50 ^^M \C70/rm/m/n/12/52 Ā 0 \C70/rm/m/n/12/7b ,\OT1/cmr/m/n/12 1\C70/rm/m/n/12/52 ^^W \C70/rm/m/n/12/54 ^^N \C70/rm/m/n/12/5f Ś \C70/rm/m/n/12/52 0$[]$|\C70/rm/m/n/12/ff ^^L|
 []

[13]
Underfull \hbox (badness 10000) in paragraph at lines 395--397

 []


Underfull \hbox (badness 3260) in paragraph at lines 399--401
[][]\C70/rm/bx/n/12/5b Ü \C70/rm/bx/n/12/4e I \OT1/cmr/bx/n/12 2.4.2. []\C70/rm/m/n/12/77 ķ \C70/rm/m/n/12/96 5$\OML/cmm/b/it/12 A$\C70/rm/m/n/12/76 ä \C70/rm/m/n/12/62 @ \C70/rm/m/n/12/67 	[]\C70/rm/m/n/12/97 ^ \C70/rm/m/n/12/96 ÷[]\C70/rm/m/n/12/5b P \C70/rm/m/n/12/5f ^^O \C70/rm/m/n/12/4e -|\C70/rm/m/n/12/ff ^^L| \C70/rm/m/n/12/5b P \C70/rm/m/n/12/5f ^^O \C70/rm/m/n/12/76 ä \C70/rm/m/n/12/67 ^^@ \C70/rm/m/n/12/9a ž \C70/rm/m/n/12/96 6 \C70/rm/m/n/12/65 p \C70/rm/m/n/12/79 ­ \C70/rm/m/n/12/4e : \C70/rm/m/n/12/77 ķ \C70/rm/m/n/12/96 5$\OML/cmm/b/it/12 A$\C70/rm/m/n/12/76 ä \C70/rm/bx/n/12/79 ķ|\C70/rm/m/n/12/ff ^^L| \C70/rm/m/n/12/8b ░
 []

[14] [15] [16]
Underfull \hbox (badness 10000) in paragraph at lines 528--529

 []


Underfull \hbox (badness 10000) in paragraph at lines 534--536

 []


Underfull \hbox (badness 10000) in paragraph at lines 546--550

 []

[17] [18]) [19]
\openout2 = `chap3/chap.aux'.

 (chap3/chap.tex
ń¼¼õĖēń½Ā

Underfull \hbox (badness 2285) in paragraph at lines 12--13
[][]\C70/rm/bx/n/12/5b Ü \C70/rm/bx/n/12/4e I \OT1/cmr/bx/n/12 3.1.1. []\C70/rm/m/n/12/8b Š$\OML/cmm/b/it/12 V$\C70/rm/m/n/12/66 / \C70/rm/m/n/12/57 ▀$\OML/cmm/b/it/12 F$\C70/rm/m/n/12/4e 
 \C70/rm/m/n/12/76 ä \C70/rm/m/n/12/54 ^^Q \C70/rm/m/n/12/91 Ž \C70/rm/m/n/12/7a z \C70/rm/m/n/12/95 ¶|\C70/rm/m/n/12/ff ^^L| \C70/rm/m/n/12/54 ^^Q \C70/rm/m/n/12/91 Ž \C70/rm/m/n/12/7e ─$\OML/cmm/b/it/12 ^^L\OML/cmm/m/it/12 ; \OML/cmm/b/it/12 []\OML/cmm/m/it/12 ; \OML/cmm/b/it/12 []\OML/cmm/m/it/12 ; []  ; \OML/cmm/b/it/12 [] \OMS/cmsy/m/n/12 2 \OML/cmm/b/it/12 V$|\C70/rm/m/n/12/ff ^^L| \C70/rm/m/n/12/82 Õ[]\C70/rm/m/n/12/5b X
 []

[20




]
Underfull \hbox (badness 2173) in paragraph at lines 34--35
[][]\C70/rm/bx/n/12/5b Ü \C70/rm/bx/n/12/74 ^^F \OT1/cmr/bx/n/12 3.1.2. []\C70/rm/m/n/12/8b Š$\OML/cmm/b/it/12 V$\C70/rm/m/n/12/66 / \C70/rm/m/n/12/57 ▀$\OML/cmm/b/it/12 F$\C70/rm/m/n/12/4e 
 \C70/rm/m/n/12/76 ä \C70/rm/m/n/12/54 ^^Q \C70/rm/m/n/12/91 Ž \C70/rm/m/n/12/7a z \C70/rm/m/n/12/95 ¶|\C70/rm/m/n/12/ff ^^L| \C70/rm/m/n/12/54 ^^Q \C70/rm/m/n/12/91 Ž \C70/rm/m/n/12/7e ─$\OML/cmm/b/it/12 []\OML/cmm/m/it/12 ; \OML/cmm/b/it/12 []\OML/cmm/m/it/12 ; []  ; \OML/cmm/b/it/12 [] \OMS/cmsy/m/n/12 2 \OML/cmm/b/it/12 V$|\C70/rm/m/n/12/ff ^^L| \C70/rm/m/n/12/52 ^^Y \C70/rm/m/n/12/54 ^^Q \C70/rm/m/n/12/91 Ž
 []


Underfull \hbox (badness 10000) in paragraph at lines 40--41
[][]\C70/rm/bx/n/12/5b Ü \C70/rm/bx/n/12/74 ^^F \OT1/cmr/bx/n/12 3.1.4. []\C70/rm/m/n/12/8b Š$\OML/cmm/b/it/12 V$\C70/rm/m/n/12/66 / \C70/rm/m/n/12/57 ▀$\OML/cmm/b/it/12 F$\C70/rm/m/n/12/4e 
 \C70/rm/m/n/12/76 ä \C70/rm/m/n/12/54 ^^Q \C70/rm/m/n/12/91 Ž \C70/rm/m/n/12/7a z \C70/rm/m/n/12/95 ¶|\C70/rm/m/n/12/ff ^^L| \C70/rm/m/n/12/54 ^^Q \C70/rm/m/n/12/91 Ž \C70/rm/m/n/12/7e ─$\OML/cmm/b/it/12 []\OML/cmm/m/it/12 ; \OML/cmm/b/it/12 []\OML/cmm/m/it/12 ; []  ; \OML/cmm/b/it/12 [] \OMS/cmsy/m/n/12 2 \OML/cmm/b/it/12 V$|\C70/rm/m/n/12/ff ^^L|
 []


Underfull \hbox (badness 2181) in paragraph at lines 53--54
[][]\C70/rm/bx/n/12/5b Ü \C70/rm/bx/n/12/4e I \OT1/cmr/bx/n/12 3.2.2. []\C70/rm/m/n/12/8b Š$\OML/cmm/b/it/12 V$\C70/rm/m/n/12/66 / \C70/rm/m/n/12/57 ▀$\OML/cmm/b/it/12 F$\C70/rm/m/n/12/4e 
 \C70/rm/m/n/12/76 ä \C70/rm/m/n/12/54 ^^Q \C70/rm/m/n/12/91 Ž \C70/rm/m/n/12/7a z \C70/rm/m/n/12/95 ¶|\C70/rm/m/n/12/ff ^^L| \C70/rm/m/n/12/54 ^^Q \C70/rm/m/n/12/91 Ž \C70/rm/m/n/12/7e ─$\OML/cmm/b/it/12 []\OML/cmm/m/it/12 ; \OML/cmm/b/it/12 []\OML/cmm/m/it/12 ; []  ; \OML/cmm/b/it/12 [] \OMS/cmsy/m/n/12 2 \OML/cmm/b/it/12 V$|\C70/rm/m/n/12/ff ^^L| \C70/rm/m/n/12/82 Õ \C70/rm/m/n/12/54 ^^Q \C70/rm/m/n/12/91 Ž
 []


Underfull \hbox (badness 2181) in paragraph at lines 56--57
[][]\C70/rm/bx/n/12/5b Ü \C70/rm/bx/n/12/4e I \OT1/cmr/bx/n/12 3.2.3. []\C70/rm/m/n/12/8b Š$\OML/cmm/b/it/12 V$\C70/rm/m/n/12/66 / \C70/rm/m/n/12/57 ▀$\OML/cmm/b/it/12 F$\C70/rm/m/n/12/4e 
 \C70/rm/m/n/12/76 ä \C70/rm/m/n/12/54 ^^Q \C70/rm/m/n/12/91 Ž \C70/rm/m/n/12/7a z \C70/rm/m/n/12/95 ¶|\C70/rm/m/n/12/ff ^^L| \C70/rm/m/n/12/54 ^^Q \C70/rm/m/n/12/91 Ž \C70/rm/m/n/12/7e ─$\OML/cmm/b/it/12 []\OML/cmm/m/it/12 ; \OML/cmm/b/it/12 []\OML/cmm/m/it/12 ; []  ; \OML/cmm/b/it/12 [] \OMS/cmsy/m/n/12 2 \OML/cmm/b/it/12 V$|\C70/rm/m/n/12/ff ^^L| \C70/rm/m/n/12/52 ^^Y \C70/rm/m/n/12/54 ^^Q \C70/rm/m/n/12/91 Ž
 []


Underfull \hbox (badness 1460) in paragraph at lines 56--57
\C70/rm/m/n/12/7e ─$\OML/cmm/b/it/12 []\OML/cmm/m/it/12 ; \OML/cmm/b/it/12 []\OML/cmm/m/it/12 ; []  ; \OML/cmm/b/it/12 []$\C70/rm/m/n/12/76 ä \C70/rm/m/n/12/67 ü \C70/rm/m/n/12/59 ' \C70/rm/m/n/12/7e ┐ \C70/rm/m/n/12/60 ' \C70/rm/m/n/12/65 Ó \C70/rm/m/n/12/51 s \C70/rm/m/n/12/7e ─ \C70/rm/m/n/12/76 ä \C70/rm/m/n/12/54 ^^Q \C70/rm/m/n/12/91 Ž \C70/rm/m/n/12/4e * \C70/rm/m/n/12/65 p|\C70/rm/m/n/12/ff ^^L| \C70/rm/m/n/12/79 ­ \C70/rm/m/n/12/4e : \C70/rm/m/n/12/54 ^^Q \C70/rm/m/n/12/91 Ž \C70/rm/m/n/12/7e ─$\OML/cmm/b/it/12 []\OML/cmm/m/it/12 ; \OML/cmm/b/it/12 []\OML/cmm/m/it/12 ; []  ; \OML/cmm/b/it/12 []$\C70/rm/m/n/12/76 ä \C70/rm/m/n/12/79 ķ|\C70/rm/m/n/12/ff ^^L| \C70/rm/m/n/12/8b ░
 []

[21] [22]
Underfull \hbox (badness 2181) in paragraph at lines 82--83
[][]\C70/rm/bx/n/12/5b Ü \C70/rm/bx/n/12/4e I \OT1/cmr/bx/n/12 3.3.2. []\C70/rm/m/n/12/8b Š$\OML/cmm/b/it/12 V$\C70/rm/m/n/12/66 / \C70/rm/m/n/12/57 ▀$\OML/cmm/b/it/12 F$\C70/rm/m/n/12/4e 
 \C70/rm/m/n/12/76 ä \C70/rm/m/n/12/54 ^^Q \C70/rm/m/n/12/91 Ž \C70/rm/m/n/12/7a z \C70/rm/m/n/12/95 ¶|\C70/rm/m/n/12/ff ^^L| \C70/rm/m/n/12/54 ^^Q \C70/rm/m/n/12/91 Ž \C70/rm/m/n/12/7e ─$\OML/cmm/b/it/12 []\OML/cmm/m/it/12 ; \OML/cmm/b/it/12 []\OML/cmm/m/it/12 ; []  ; \OML/cmm/b/it/12 [] \OMS/cmsy/m/n/12 2 \OML/cmm/b/it/12 V$|\C70/rm/m/n/12/ff ^^L| \C70/rm/m/n/12/82 Õ \C70/rm/m/n/12/54 ^^Q \C70/rm/m/n/12/91 Ž
 []

[23]
Overfull \hbox (12.5913pt too wide) detected at line 146
\OML/cmm/b/it/12  \OT1/cmr/m/n/12 = \OML/cmm/m/it/12 k[]\OT1/cmr/m/n/12 (\OML/cmm/m/it/12 p[]\OML/cmm/b/it/12 e[] \OT1/cmr/m/n/12 + \OML/cmm/m/it/12 p[]\OML/cmm/b/it/12 e[] \OT1/cmr/m/n/12 + [] + \OML/cmm/m/it/12 p[]\OML/cmm/b/it/12 e[]\OT1/cmr/m/n/12 ) + \OML/cmm/m/it/12 k[]\OT1/cmr/m/n/12 (\OML/cmm/m/it/12 p[]\OML/cmm/b/it/12 e[] \OT1/cmr/m/n/12 + \OML/cmm/m/it/12 p[]\OML/cmm/b/it/12 e[] \OT1/cmr/m/n/12 + [] + \OML/cmm/m/it/12 p[]\OML/cmm/b/it/12 e[]\OT1/cmr/m/n/12 ) + [] + \OML/cmm/m/it/12 k[]\OT1/cmr/m/n/12 (\OML/cmm/m/it/12 p[]\OML/cmm/b/it/12 e[] \OT1/cmr/m/n/12 + \OML/cmm/m/it/12 p[]\OML/cmm/b/it/12 e[] \OT1/cmr/m/n/12 + [] + \OML/cmm/m/it/12 p[]\OML/cmm/b/it/12 e[]\OT1/cmr/m/n/12 )
 []


Overfull \hbox (9.39784pt too wide) detected at line 150
\OML/cmm/b/it/12  \OT1/cmr/m/n/12 = (\OML/cmm/m/it/12 p[]k[] \OT1/cmr/m/n/12 + \OML/cmm/m/it/12 p[]k[] \OT1/cmr/m/n/12 + [] + \OML/cmm/m/it/12 p[]k[]\OT1/cmr/m/n/12 )\OML/cmm/b/it/12 e[] \OT1/cmr/m/n/12 + (\OML/cmm/m/it/12 p[]k[] \OT1/cmr/m/n/12 + \OML/cmm/m/it/12 p[]k[] \OT1/cmr/m/n/12 + [] + \OML/cmm/m/it/12 p[]k[]\OT1/cmr/m/n/12 )\OML/cmm/b/it/12 e[] \OT1/cmr/m/n/12 + [] + (\OML/cmm/m/it/12 p[]k[] \OT1/cmr/m/n/12 + \OML/cmm/m/it/12 p[]k[] \OT1/cmr/m/n/12 + [] + \OML/cmm/m/it/12 p[]k[]\OT1/cmr/m/n/12 )\OML/cmm/b/it/12 e[]
 []

[24]
Overfull \hbox (1.53816pt too wide) in paragraph at lines 190--190
|$\OML/cmm/b/it/12 ^^L$\C70/rm/m/n/12/53 ’ \C70/rm/m/n/12/75 1 \C70/rm/m/n/12/54 ^^Q \C70/rm/m/n/12/91 Ž \C70/rm/m/n/12/7e ─$\OML/cmm/b/it/12 []\OML/cmm/m/it/12 ; \OML/cmm/b/it/12 []\OML/cmm/m/it/12 ; []  ; \OML/cmm/b/it/12 []$\C70/rm/m/n/12/7e ┐ \C70/rm/m/n/12/60 ' \C70/rm/m/n/12/88 h \C70/rm/m/n/12/79 :|\C70/rm/m/n/12/ff ^^L| \C70/rm/m/n/12/52 ^^Y$\OML/cmm/b/it/12 ^^L \OT1/cmr/m/n/12 = \OML/cmm/m/it/12 k[]\OML/cmm/b/it/12 [] \OT1/cmr/m/n/12 + \OML/cmm/m/it/12 k[]\OML/cmm/b/it/12 [] \OT1/cmr/m/n/12 + [] + \OML/cmm/m/it/12 k[]\OML/cmm/b/it/12 []$|\C70/rm/m/n/12/ff ^^L| \C70/rm/m/n/12/4e ^^T$\OML/cmm/m/it/12 k[]; k[]; []  ; k[]$\C70/rm/m/n/12/4e ^^M
 []

[25]) [26]
\openout2 = `chap4/chap.aux'.

 (chap4/chap.tex
ń¼¼Õøøń½Ā

Overfull \hbox (4.65997pt too wide) in paragraph at lines 14--21
[][][][]\C70/rm/bx/n/12/4f ŗ \OT1/cmr/bx/n/12 4.0.1. [][]\C70/rm/m/n/12/8b Š$\OML/cmm/b/it/12 A[] \OT1/cmr/m/n/12 = (\OML/cmm/b/it/12 []\OML/cmm/m/it/12 ; \OML/cmm/b/it/12 []\OML/cmm/m/it/12 ; \OML/cmm/b/it/12 []\OML/cmm/m/it/12 ; \OML/cmm/b/it/12 []\OT1/cmr/m/n/12 )$|\C70/rm/m/n/12/ff ^^L| \C70/rm/m/n/12/4e ^^T$\OML/cmm/b/it/12 Ax \OT1/cmr/m/n/12 = \OT1/cmr/bx/n/12 0$\C70/rm/m/n/12/76 ä \C70/rm/m/n/12/90 ^^Z \C70/rm/m/n/12/89 Ń \C70/rm/m/n/12/4e :$\OML/cmm/m/it/12 k\OT1/cmr/m/n/12 (1\OML/cmm/m/it/12 ; \OT1/cmr/m/n/12 0\OML/cmm/m/it/12 ; \OMS/cmsy/m/n/12 ^^@\OT1/cmr/m/n/12 4\OML/cmm/m/it/12 ; \OT1/cmr/m/n/12 0)[]$|\C70/rm/m/n/12/ff ^^L| \C70/rm/m/n/12/52 ^^Y \C70/rm/m/n/12/4e  \C70/rm/m/n/12/52 ^^W \C70/rm/m/n/12/66 /$\OML/cmm/b/it/12 A[]x \OT1/cmr/m/n/12 =
 []

\c@inleq=\count437
[27




]) [28
pdfTeX warning (ext4): destination with the same identifier (name{inleq.2}) has been already used, duplicate ignored
<argument> ...shipout:D \box_use:N \l_shipout_box 
                                                  \__shipout_drop_firstpage_...
l.11 \include{chap4/chap}
                         ]
\openout2 = `chap5/chap.aux'.

 (chap5/chap.tex
ń¼¼õ║öń½Ā
[29




]
Underfull \vbox (badness 2913) detected at line 75
 []

[30]
Underfull \vbox (badness 10000) detected at line 107
 []

[31] [32] [33]
Overfull \hbox (41.54083pt too wide) in paragraph at lines 160--161
[][][][]\C70/rm/bx/n/12/4e ` \C70/rm/bx/n/12/98 ś \OT1/cmr/bx/n/12 5.5.2. [][]\C70/rm/m/n/12/5d “ \C70/rm/m/n/12/77 Õ \C70/rm/m/n/12/5b × ∙ \C70/rm/m/n/12/79 ­ \C70/rm/m/n/12/77 ķ \C70/rm/m/n/12/96 5$\OML/cmm/b/it/12 A[]$\C70/rm/m/n/12/76 ä \C70/rm/m/n/12/72 y \C70/rm/m/n/12/5f ü \C70/rm/m/n/12/50 < \C70/rm/m/n/12/4e :$\OT1/cmr/m/n/12 1\OML/cmm/m/it/12 ; \OT1/cmr/m/n/12 1\OML/cmm/m/it/12 ; \OT1/cmr/m/n/12 4$|\C70/rm/m/n/12/ff ^^L| \C70/rm/m/n/12/4e ^^T \C70/rm/m/n/12/5b ∙ \C70/rm/m/n/12/5e ö \C70/rm/m/n/12/4e Ä \C70/rm/m/n/12/72 y \C70/rm/m/n/12/5f ü \C70/rm/m/n/12/50 <$\OT1/cmr/m/n/12 4$\C70/rm/m/n/12/76 ä \C70/rm/m/n/12/72 y \C70/rm/m/n/12/5f ü \C70/rm/m/n/12/54 ^^Q \C70/rm/m/n/12/91 Ž \C70/rm/m/n/12/4e :$\OT1/cmr/m/n/12 (1\OML/cmm/m/it/12 ; \OMS/cmsy/m/n/12 ^^@\OT1/cmr/m/n/12 1\OML/cmm/m/it/12 ; \OMS/cmsy/m/n/12 ^^@\OT1/cmr/m/n/12 1)[]$|\C70/rm/m/n/12/ff ^^L|
 []

[34]
Overfull \hbox (20.3381pt too wide) in paragraph at lines 197--206
[][][][]\C70/rm/bx/n/12/4e ` \C70/rm/bx/n/12/98 ś \OT1/cmr/bx/n/12 5.5.5. [][]\C70/rm/m/n/12/8b Š$\OML/cmm/b/it/12 A \OT1/cmr/m/n/12 = [][]\OML/cmm/b/it/12 B \OT1/cmr/m/n/12 = []$\C70/rm/m/n/12/76 ° \C70/rm/m/n/12/4f <|\C70/rm/m/n/12/ff ^^L| \C70/rm/m/n/12/6c B \C70/rm/m/n/12/53 ’ \C70/rm/m/n/12/90 ^^F \C70/rm/m/n/12/77 ķ \C70/rm/m/n/12/96 5$\OML/cmm/b/it/12 P$|\C70/rm/m/n/12/ff ^^L| \C70/rm/m/n/12/4f ^^? \C70/rm/m/n/12/5f Ś$\OML/cmm/b/it/12 P[]AP \OT1/cmr/m/n/12 =
 []

[35]
Overfull \hbox (2.68144pt too wide) in paragraph at lines 244--245
[][][][]\C70/rm/bx/n/12/4e ` \C70/rm/bx/n/12/98 ś \OT1/cmr/bx/n/12 5.5.6. [][]\C70/rm/m/n/12/5b ∙ \C70/rm/m/n/12/4e Ä \C70/rm/m/n/12/77 ķ \C70/rm/m/n/12/96 5$\OML/cmm/b/it/12 A[]$|\C70/rm/m/n/12/ff ^^L| \C70/rm/m/n/12/5d “ \C70/rm/m/n/12/77 Õ$\OML/cmm/b/it/12 []\OML/cmm/m/it/12 ; \OML/cmm/b/it/12 []\OML/cmm/m/it/12 ; \OML/cmm/b/it/12 []$\C70/rm/m/n/12/7e ┐ \C70/rm/m/n/12/60 ' \C70/rm/m/n/12/65 Ó \C70/rm/m/n/12/51 s|\C70/rm/m/n/12/ff ^^L| \C70/rm/m/n/12/4e ^^T \C70/rm/m/n/12/6e ß \C70/rm/m/n/12/8d │$\OML/cmm/b/it/12 A[] \OT1/cmr/m/n/12 = \OML/cmm/b/it/12 [] \OT1/cmr/m/n/12 + \OML/cmm/b/it/12 [] \OT1/cmr/m/n/12 + \OML/cmm/b/it/12 []\OML/cmm/m/it/12 ;  \OML/cmm/b/it/12 A[] \OT1/cmr/m/n/12 =
 []

[36]) [37]
\openout2 = `chap6/chap.aux'.

 (chap6/chap.tex
ń¼¼ÕģŁń½Ā
[38




] [39] [40] [41] [42] [43]) [44]
\openout2 = `chap7/chap.aux'.

 (chap7/chap.tex
ń¼¼õĖāń½Ā

Overfull \hbox (9.71422pt too wide) in paragraph at lines 28--30
[]\C70/rm/m/n/12/5f S \C70/rm/m/n/12/72 y \C70/rm/m/n/12/5f ü \C70/rm/m/n/12/50 <$\OML/cmm/m/it/12 ^^V[] \OT1/cmr/m/n/12 = 3$\C70/rm/m/n/12/65 ÷|\C70/rm/m/n/12/ff ^^L| \C70/rm/m/n/12/89 Ń$\OT1/cmr/m/n/12 (\OML/cmm/b/it/12 A \OMS/cmsy/m/n/12 ^^@ \OT1/cmr/m/n/12 3\OML/cmm/b/it/12 E\OT1/cmr/m/n/12 )\OML/cmm/b/it/12 x \OT1/cmr/m/n/12 = \OT1/cmr/bx/n/12 0$\C70/rm/m/n/12/5f Ś \C70/rm/m/n/12/57 · \C70/rm/m/n/12/78 @ \C70/rm/m/n/12/89 Ń \C70/rm/m/n/12/7c ¹$\OML/cmm/b/it/12 ^^X[] \OT1/cmr/m/n/12 = (1\OML/cmm/m/it/12 ; \OT1/cmr/m/n/12 1\OML/cmm/m/it/12 ; \OT1/cmr/m/n/12 1)[]$|\C70/rm/m/n/12/ff ^^L| \C70/rm/m/n/12/53 U \C70/rm/m/n/12/4f M \C70/rm/m/n/12/53 ^^V \C70/rm/m/n/12/5f Ś$\OML/cmm/b/it/12 e[] \OT1/cmr/m/n/12 = [](1\OML/cmm/m/it/12 ; \OT1/cmr/m/n/12 1\OML/cmm/m/it/12 ; \OT1/cmr/m/n/12 1)[]$. 
 []


Overfull \hbox (2.65886pt too wide) in paragraph at lines 31--34
[]\C70/rm/m/n/12/5f S \C70/rm/m/n/12/72 y \C70/rm/m/n/12/5f ü \C70/rm/m/n/12/50 <$\OML/cmm/m/it/12 ^^V[] \OT1/cmr/m/n/12 = \OML/cmm/m/it/12 ^^V[] \OT1/cmr/m/n/12 = 0$\C70/rm/m/n/12/65 ÷|\C70/rm/m/n/12/ff ^^L| \C70/rm/m/n/12/89 Ń$\OML/cmm/b/it/12 Ax \OT1/cmr/m/n/12 = \OT1/cmr/bx/n/12 0$\C70/rm/m/n/12/53 s$\OML/cmm/m/it/12 x[] \OT1/cmr/m/n/12 + \OML/cmm/m/it/12 x[] \OT1/cmr/m/n/12 + \OML/cmm/m/it/12 x[] \OT1/cmr/m/n/12 = 0$|\C70/rm/m/n/12/ff ^^L| \C70/rm/m/n/12/53 ’ ų \C70/rm/m/n/12/57 · \C70/rm/m/n/12/78 @ \C70/rm/m/n/12/89 Ń \C70/rm/m/n/12/7c ¹$\OML/cmm/b/it/12 ^^X[] \OT1/cmr/m/n/12 = (\OMS/cmsy/m/n/12 ^^@\OT1/cmr/m/n/12 1\OML/cmm/m/it/12 ; \OT1/cmr/m/n/12 1\OML/cmm/m/it/12 ; \OT1/cmr/m/n/12 0)[]\OML/cmm/m/it/12 ; \OML/cmm/b/it/12 ^^X[] \OT1/cmr/m/n/12 =
 []

[45




] [46]) [47] (main.aux (config/cover.aux) (chap1/chap.aux) (chap2/chap.aux) (chap3/chap.aux) (chap4/chap.aux) (chap5/chap.aux) (chap6/chap.aux) (chap7/chap.aux))
 ***********
LaTeX2e <2025-11-01>
L3 programming layer <2022/07/14>
 ***********
Package rerunfilecheck Info: File `main.out' has not changed.
(rerunfilecheck)             Checksum: BE4B367E895B4E1F2F61E0CED1658FDD;4064.
 ) 
Here is how much of TeX's memory you used:
 69967 strings out of 467871
 1435449 string characters out of 5431364
 2184486 words of memory out of 5000000
 97450 multiletter control sequences out of 15000+600000
 727787 words of font info for 410 fonts, out of 8000000 for 9000
 1141 hyphenation exceptions out of 8191
 87i,19n,96p,1261b,3490s stack positions out of 10000i,1000n,20000p,200000b,200000s
 <C:\Users\Meer_\AppData\Local\MiKTeX\fonts/pk/ljfour/jknappen/ec/dpi600\tcrm1200.pk><C:/WINDOWS/Fonts/simsun.ttc><C:/WINDOWS/Fonts/simsun.ttc><C:/WINDOWS/Fonts/simsun.ttc><C:/WINDOWS/Fonts/simsun.ttc><C:/WINDOWS/Fonts/simsun.ttc><C:/WINDOWS/Fonts/simsun.ttc><C:/WINDOWS/Fonts/simsun.ttc><C:/WINDOWS/Fonts/simsun.ttc><C:/WINDOWS/Fonts/simsun.ttc><C:/WINDOWS/Fonts/simhei.ttf><C:/WINDOWS/Fonts/simsun.ttc><C:/WINDOWS/Fonts/simsun.ttc><C:/WINDOWS/Fonts/simhei.ttf><C:/WINDOWS/Fonts/simhei.ttf><C:/WINDOWS/Fonts/simsun.ttc><C:/WINDOWS/Fonts/simsun.ttc><C:/WINDOWS/Fonts/simsun.ttc><C:/WINDOWS/Fonts/simhei.ttf><C:/WINDOWS/Fonts/simsun.ttc><C:/WINDOWS/Fonts/simsun.ttc><C:/WINDOWS/Fonts/simsun.ttc><C:/WINDOWS/Fonts/simsun.ttc><C:/WINDOWS/Fonts/simsun.ttc><C:/WINDOWS/Fonts/simsun.ttc><C:/WINDOWS/Fonts/simsun.ttc><C:/WINDOWS/Fonts/simsun.ttc><C:/WINDOWS/Fonts/simsun.ttc><C:/WINDOWS/Fonts/simhei.ttf><C:/WINDOWS/Fonts/simsun.ttc><C:/WINDOWS/Fonts/simsun.ttc><C:/WINDOWS/Fonts/simkai.ttf><C:/WINDOWS/Fonts/simkai.ttf><C:/WINDOWS/Fonts/simsun.ttc><C:/WINDOWS/Fonts/simhei.ttf><C:/WINDOWS/Fonts/simsun.ttc><C:/WINDOWS/Fonts/simsun.ttc><C:/WINDOWS/Fonts/simsun.ttc><C:/WINDOWS/Fonts/simsun.ttc><C:/WINDOWS/Fonts/simhei.ttf><C:/WINDOWS/Fonts/simhei.ttf><C:/WINDOWS/Fonts/simsun.ttc><C:/WINDOWS/Fonts/simsun.ttc><C:/WINDOWS/Fonts/simsun.ttc><C:/WINDOWS/Fonts/simsun.ttc><C:/WINDOWS/Fonts/simsun.ttc><C:/WINDOWS/Fonts/simsun.ttc><C:/WINDOWS/Fonts/simsun.ttc><C:/WINDOWS/Fonts/simhei.ttf><C:/WINDOWS/Fonts/simhei.ttf><C:/WINDOWS/Fonts/simsun.ttc><C:/WINDOWS/Fonts/simsun.ttc><C:/WINDOWS/Fonts/simhei.ttf><C:/WINDOWS/Fonts/simsun.ttc><C:/WINDOWS/Fonts/simsun.ttc><C:/WINDOWS/Fonts/simsun.ttc><C:/WINDOWS/Fonts/simsun.ttc><C:/WINDOWS/Fonts/simhei.ttf><C:/WINDOWS/Fonts/simhei.ttf><C:/WINDOWS/Fonts/simsun.ttc><C:/WINDOWS/Fonts/simsun.ttc><C:/WINDOWS/Fonts/simsun.ttc><C:/WINDOWS/Fonts/simhei.ttf><C:/WINDOWS/Fonts/simsun.ttc><C:/WINDOWS/Fonts/simsun.ttc><C:/WINDOWS/Fonts/simsun.ttc><C:/WINDOWS/Fonts/simkai.ttf><C:/WINDOWS/Fonts/simsun.ttc><C:/WINDOWS/Fonts/simhei.ttf><C:/WINDOWS/Fonts/simhei.ttf><C:/WINDOWS/Fonts/simsun.ttc><C:/WINDOWS/Fonts/simsun.ttc><C:/WINDOWS/Fonts/simsun.ttc><C:/WINDOWS/Fonts/simsun.ttc><C:/WINDOWS/Fonts/simsun.ttc><C:/WINDOWS/Fonts/simsun.ttc><C:/WINDOWS/Fonts/simsun.ttc><C:/WINDOWS/Fonts/simsun.ttc><C:/WINDOWS/Fonts/simhei.ttf><C:/WINDOWS/Fonts/simsun.ttc><C:/WINDOWS/Fonts/simsun.ttc><C:/WINDOWS/Fonts/simhei.ttf><C:/WINDOWS/Fonts/simsun.ttc><C:/WINDOWS/Fonts/simsun.ttc><C:/WINDOWS/Fonts/simhei.ttf><C:/WINDOWS/Fonts/simhei.ttf><C:/WINDOWS/Fonts/simhei.ttf><C:/WINDOWS/Fonts/simsun.ttc><C:/WINDOWS/Fonts/simsun.ttc><C:/WINDOWS/Fonts/simsun.ttc><C:/WINDOWS/Fonts/simsun.ttc><C:/WINDOWS/Fonts/simsun.ttc><C:/WINDOWS/Fonts/simhei.ttf><C:/WINDOWS/Fonts/simhei.ttf><C:/WINDOWS/Fonts/simhei.ttf><C:/WINDOWS/Fonts/simhei.ttf><C:/WINDOWS/Fonts/simsun.ttc><C:/WINDOWS/Fonts/simsun.ttc><C:/WINDOWS/Fonts/simsun.ttc><C:/WINDOWS/Fonts/simsun.ttc><C:/WINDOWS/Fonts/simsun.ttc><C:/WINDOWS/Fonts/simsun.ttc><C:/WINDOWS/Fonts/simsun.ttc><C:/WINDOWS/Fonts/simhei.ttf><C:/WINDOWS/Fonts/simhei.ttf><C:/WINDOWS/Fonts/simhei.ttf><C:/WINDOWS/Fonts/simhei.ttf><C:/WINDOWS/Fonts/simhei.ttf><C:/WINDOWS/Fonts/simsun.ttc><C:/WINDOWS/Fonts/simsun.ttc><C:/WINDOWS/Fonts/simsun.ttc><C:/WINDOWS/Fonts/simsun.ttc><C:/WINDOWS/Fonts/simsun.ttc><C:/WINDOWS/Fonts/simsun.ttc><C:/WINDOWS/Fonts/simsun.ttc><C:/WINDOWS/Fonts/simhei.ttf><C:/WINDOWS/Fonts/simhei.ttf><C:/WINDOWS/Fonts/simsun.ttc><C:/WINDOWS/Fonts/simsun.ttc><C:/WINDOWS/Fonts/simsun.ttc><C:/WINDOWS/Fonts/simsun.ttc><C:/WINDOWS/Fonts/simsun.ttc><C:/WINDOWS/Fonts/simsun.ttc><C:/WINDOWS/Fonts/simsun.ttc><C:/WINDOWS/Fonts/simsun.ttc><C:/WINDOWS/Fonts/simsun.ttc><C:/WINDOWS/Fonts/simsun.ttc><C:/WINDOWS/Fonts/simsun.ttc><C:/WINDOWS/Fonts/simsun.ttc><C:/WINDOWS/Fonts/simsun.ttc><C:/WINDOWS/Fonts/simhei.ttf><C:/WINDOWS/Fonts/simhei.ttf><C:/WINDOWS/Fonts/simhei.ttf><C:/WINDOWS/Fonts/simhei.ttf><C:/WINDOWS/Fonts/simsun.ttc><C:/WINDOWS/Fonts/simsun.ttc><C:/WINDOWS/Fonts/simsun.ttc><C:/WINDOWS/Fonts/simsun.ttc><C:/WINDOWS/Fonts/simsun.ttc><C:/WINDOWS/Fonts/simsun.ttc><C:/WINDOWS/Fonts/simsun.ttc><C:/WINDOWS/Fonts/simsun.ttc><C:/WINDOWS/Fonts/simsun.ttc><C:/WINDOWS/Fonts/simsun.ttc><C:/WINDOWS/Fonts/simhei.ttf><C:/WINDOWS/Fonts/simhei.ttf><C:/WINDOWS/Fonts/simsun.ttc><C:/WINDOWS/Fonts/simsun.ttc><C:/WINDOWS/Fonts/simsun.ttc><C:/WINDOWS/Fonts/simhei.ttf><C:/WINDOWS/Fonts/simhei.ttf><C:/WINDOWS/Fonts/simhei.ttf><C:/WINDOWS/Fonts/simhei.ttf><C:/WINDOWS/Fonts/simhei.ttf><C:/WINDOWS/Fonts/simhei.ttf><D:/Appdata/MiKTeX/fonts/type1/public/amsfonts/cm/cmbx12.pfb><D:/Appdata/MiKTeX/fonts/type1/public/amsfonts/cm/cmbx8.pfb><D:/Appdata/MiKTeX/fonts/type1/public/amsfonts/cm/cmex10.pfb><D:/Appdata/MiKTeX/fonts/type1/public/amsfonts/cm/cmmi10.pfb><D:/Appdata/MiKTeX/fonts/type1/public/amsfonts/cm/cmmi12.pfb><D:/Appdata/MiKTeX/fonts/type1/public/amsfonts/cm/cmmi6.pfb><D:/Appdata/MiKTeX/fonts/type1/public/amsfonts/cm/cmmi8.pfb><D:/Appdata/MiKTeX/fonts/type1/public/amsfonts/cm/cmmib10.pfb><D:/Appdata/MiKTeX/fonts/type1/public/amsfonts/cm/cmr10.pfb><D:/Appdata/MiKTeX/fonts/type1/public/amsfonts/cm/cmr12.pfb><D:/Appdata/MiKTeX/fonts/type1/public/amsfonts/cm/cmr17.pfb><D:/Appdata/MiKTeX/fonts/type1/public/amsfonts/cm/cmr6.pfb><D:/Appdata/MiKTeX/fonts/type1/public/amsfonts/cm/cmr7.pfb><D:/Appdata/MiKTeX/fonts/type1/public/amsfonts/cm/cmr8.pfb><D:/Appdata/MiKTeX/fonts/type1/public/amsfonts/cm/cmsl12.pfb><D:/Appdata/MiKTeX/fonts/type1/public/amsfonts/cm/cmsy10.pfb><D:/Appdata/MiKTeX/fonts/type1/public/amsfonts/cm/cmsy8.pfb><D:/Appdata/MiKTeX/fonts/type1/public/amsfonts/cm/cmti12.pfb><D:/Appdata/MiKTeX/fonts/type1/public/amsfonts/symbols/msbm10.pfb><D:/Appdata/MiKTeX/fonts/type1/public/yhmath/yhcmex.pfb>
Output written on main.pdf (51 pages, 3547893 bytes).
PDF statistics:
 1479 PDF objects out of 1728 (max. 8388607)
 288 named destinations out of 1000 (max. 500000)
 626 words of extra memory for PDF output out of 10000 (max. 10000000)

